Vivado Simulator 2020.2
Time resolution is 1 ps
Warning: mauvais alignement de l'adresse pour une ecriture large
Time: 0 ps  Iteration: 0  Process: /mips_unicycle_tb/dut/inst_Datapath/inst_MemDonneesWide/line__64  File: C:/Users/mathg/OneDrive/Bureau/Tout/Bacc UdeS/S4APP4/git/S4App4/mips32_unicycle_reference/mips32_unicycle_reference.srcs/sources_1/new/MemDonneesWideDual.vhd
Warning: NUMERIC_STD."=": metavalue detected, returning FALSE
Time: 0 ps  Iteration: 0  Process: /mips_unicycle_tb/dut/inst_Datapath/inst_Alu/line__83  File: C:/Users/mathg/OneDrive/Bureau/Tout/Bacc UdeS/S4APP4/git/S4App4/mips32_unicycle_reference/mips32_unicycle_reference.srcs/sources_1/imports/alu.vhd
Warning: mauvais alignement de l'adresse pour une ecriture large
Time: 0 ps  Iteration: 3  Process: /mips_unicycle_tb/dut/inst_Datapath/inst_MemDonneesWide/line__64  File: C:/Users/mathg/OneDrive/Bureau/Tout/Bacc UdeS/S4APP4/git/S4App4/mips32_unicycle_reference/mips32_unicycle_reference.srcs/sources_1/new/MemDonneesWideDual.vhd
Warning: mauvais alignement de l'adresse pour une ecriture large
Time: 0 ps  Iteration: 8  Process: /mips_unicycle_tb/dut/inst_Datapath/inst_MemDonneesWide/line__64  File: C:/Users/mathg/OneDrive/Bureau/Tout/Bacc UdeS/S4APP4/git/S4App4/mips32_unicycle_reference/mips32_unicycle_reference.srcs/sources_1/new/MemDonneesWideDual.vhd
Warning: mauvais alignement de l'adresse pour une ecriture large
Time: 210 ns  Iteration: 8  Process: /mips_unicycle_tb/dut/inst_Datapath/inst_MemDonneesWide/line__64  File: C:/Users/mathg/OneDrive/Bureau/Tout/Bacc UdeS/S4APP4/git/S4App4/mips32_unicycle_reference/mips32_unicycle_reference.srcs/sources_1/new/MemDonneesWideDual.vhd
Warning: mauvais alignement de l'adresse pour une ecriture large
Time: 210 ns  Iteration: 9  Process: /mips_unicycle_tb/dut/inst_Datapath/inst_MemDonneesWide/line__64  File: C:/Users/mathg/OneDrive/Bureau/Tout/Bacc UdeS/S4APP4/git/S4App4/mips32_unicycle_reference/mips32_unicycle_reference.srcs/sources_1/new/MemDonneesWideDual.vhd
Warning: mauvais alignement de l'adresse pour une ecriture large
Time: 220 ns  Iteration: 8  Process: /mips_unicycle_tb/dut/inst_Datapath/inst_MemDonneesWide/line__64  File: C:/Users/mathg/OneDrive/Bureau/Tout/Bacc UdeS/S4APP4/git/S4App4/mips32_unicycle_reference/mips32_unicycle_reference.srcs/sources_1/new/MemDonneesWideDual.vhd
Warning: mauvais alignement de l'adresse pour une ecriture large
Time: 220 ns  Iteration: 9  Process: /mips_unicycle_tb/dut/inst_Datapath/inst_MemDonneesWide/line__64  File: C:/Users/mathg/OneDrive/Bureau/Tout/Bacc UdeS/S4APP4/git/S4App4/mips32_unicycle_reference/mips32_unicycle_reference.srcs/sources_1/new/MemDonneesWideDual.vhd
Warning: mauvais alignement de l'adresse pour une ecriture large
Time: 230 ns  Iteration: 5  Process: /mips_unicycle_tb/dut/inst_Datapath/inst_MemDonneesWide/line__64  File: C:/Users/mathg/OneDrive/Bureau/Tout/Bacc UdeS/S4APP4/git/S4App4/mips32_unicycle_reference/mips32_unicycle_reference.srcs/sources_1/new/MemDonneesWideDual.vhd
Warning: mauvais alignement de l'adresse pour une ecriture large
Time: 230 ns  Iteration: 9  Process: /mips_unicycle_tb/dut/inst_Datapath/inst_MemDonneesWide/line__64  File: C:/Users/mathg/OneDrive/Bureau/Tout/Bacc UdeS/S4APP4/git/S4App4/mips32_unicycle_reference/mips32_unicycle_reference.srcs/sources_1/new/MemDonneesWideDual.vhd
Warning: mauvais alignement de l'adresse pour une ecriture large
Time: 240 ns  Iteration: 8  Process: /mips_unicycle_tb/dut/inst_Datapath/inst_MemDonneesWide/line__64  File: C:/Users/mathg/OneDrive/Bureau/Tout/Bacc UdeS/S4APP4/git/S4App4/mips32_unicycle_reference/mips32_unicycle_reference.srcs/sources_1/new/MemDonneesWideDual.vhd
Warning: mauvais alignement de l'adresse pour une ecriture large
Time: 280 ns  Iteration: 9  Process: /mips_unicycle_tb/dut/inst_Datapath/inst_MemDonneesWide/line__64  File: C:/Users/mathg/OneDrive/Bureau/Tout/Bacc UdeS/S4APP4/git/S4App4/mips32_unicycle_reference/mips32_unicycle_reference.srcs/sources_1/new/MemDonneesWideDual.vhd
Warning: mauvais alignement de l'adresse pour une ecriture large
Time: 280 ns  Iteration: 10  Process: /mips_unicycle_tb/dut/inst_Datapath/inst_MemDonneesWide/line__64  File: C:/Users/mathg/OneDrive/Bureau/Tout/Bacc UdeS/S4APP4/git/S4App4/mips32_unicycle_reference/mips32_unicycle_reference.srcs/sources_1/new/MemDonneesWideDual.vhd
Warning: mauvais alignement de l'adresse pour une ecriture large
Time: 290 ns  Iteration: 9  Process: /mips_unicycle_tb/dut/inst_Datapath/inst_MemDonneesWide/line__64  File: C:/Users/mathg/OneDrive/Bureau/Tout/Bacc UdeS/S4APP4/git/S4App4/mips32_unicycle_reference/mips32_unicycle_reference.srcs/sources_1/new/MemDonneesWideDual.vhd
Warning: mauvais alignement de l'adresse pour une ecriture large
Time: 290 ns  Iteration: 10  Process: /mips_unicycle_tb/dut/inst_Datapath/inst_MemDonneesWide/line__64  File: C:/Users/mathg/OneDrive/Bureau/Tout/Bacc UdeS/S4APP4/git/S4App4/mips32_unicycle_reference/mips32_unicycle_reference.srcs/sources_1/new/MemDonneesWideDual.vhd
Warning: mauvais alignement de l'adresse pour une ecriture large
Time: 300 ns  Iteration: 8  Process: /mips_unicycle_tb/dut/inst_Datapath/inst_MemDonneesWide/line__64  File: C:/Users/mathg/OneDrive/Bureau/Tout/Bacc UdeS/S4APP4/git/S4App4/mips32_unicycle_reference/mips32_unicycle_reference.srcs/sources_1/new/MemDonneesWideDual.vhd
Warning: mauvais alignement de l'adresse pour une ecriture large
Time: 310 ns  Iteration: 6  Process: /mips_unicycle_tb/dut/inst_Datapath/inst_MemDonneesWide/line__64  File: C:/Users/mathg/OneDrive/Bureau/Tout/Bacc UdeS/S4APP4/git/S4App4/mips32_unicycle_reference/mips32_unicycle_reference.srcs/sources_1/new/MemDonneesWideDual.vhd
Warning: mauvais alignement de l'adresse pour une ecriture large
Time: 310 ns  Iteration: 8  Process: /mips_unicycle_tb/dut/inst_Datapath/inst_MemDonneesWide/line__64  File: C:/Users/mathg/OneDrive/Bureau/Tout/Bacc UdeS/S4APP4/git/S4App4/mips32_unicycle_reference/mips32_unicycle_reference.srcs/sources_1/new/MemDonneesWideDual.vhd
Warning: mauvais alignement de l'adresse pour une ecriture large
Time: 310 ns  Iteration: 9  Process: /mips_unicycle_tb/dut/inst_Datapath/inst_MemDonneesWide/line__64  File: C:/Users/mathg/OneDrive/Bureau/Tout/Bacc UdeS/S4APP4/git/S4App4/mips32_unicycle_reference/mips32_unicycle_reference.srcs/sources_1/new/MemDonneesWideDual.vhd
Warning: mauvais alignement de l'adresse pour une ecriture large
Time: 320 ns  Iteration: 8  Process: /mips_unicycle_tb/dut/inst_Datapath/inst_MemDonneesWide/line__64  File: C:/Users/mathg/OneDrive/Bureau/Tout/Bacc UdeS/S4APP4/git/S4App4/mips32_unicycle_reference/mips32_unicycle_reference.srcs/sources_1/new/MemDonneesWideDual.vhd
Warning: mauvais alignement de l'adresse pour une ecriture large
Time: 320 ns  Iteration: 9  Process: /mips_unicycle_tb/dut/inst_Datapath/inst_MemDonneesWide/line__64  File: C:/Users/mathg/OneDrive/Bureau/Tout/Bacc UdeS/S4APP4/git/S4App4/mips32_unicycle_reference/mips32_unicycle_reference.srcs/sources_1/new/MemDonneesWideDual.vhd
Warning: mauvais alignement de l'adresse pour une ecriture large
Time: 330 ns  Iteration: 8  Process: /mips_unicycle_tb/dut/inst_Datapath/inst_MemDonneesWide/line__64  File: C:/Users/mathg/OneDrive/Bureau/Tout/Bacc UdeS/S4APP4/git/S4App4/mips32_unicycle_reference/mips32_unicycle_reference.srcs/sources_1/new/MemDonneesWideDual.vhd
Warning: mauvais alignement de l'adresse pour une ecriture large
Time: 370 ns  Iteration: 8  Process: /mips_unicycle_tb/dut/inst_Datapath/inst_MemDonneesWide/line__64  File: C:/Users/mathg/OneDrive/Bureau/Tout/Bacc UdeS/S4APP4/git/S4App4/mips32_unicycle_reference/mips32_unicycle_reference.srcs/sources_1/new/MemDonneesWideDual.vhd
Warning: mauvais alignement de l'adresse pour une ecriture large
Time: 370 ns  Iteration: 9  Process: /mips_unicycle_tb/dut/inst_Datapath/inst_MemDonneesWide/line__64  File: C:/Users/mathg/OneDrive/Bureau/Tout/Bacc UdeS/S4APP4/git/S4App4/mips32_unicycle_reference/mips32_unicycle_reference.srcs/sources_1/new/MemDonneesWideDual.vhd
Warning: mauvais alignement de l'adresse pour une ecriture large
Time: 370 ns  Iteration: 10  Process: /mips_unicycle_tb/dut/inst_Datapath/inst_MemDonneesWide/line__64  File: C:/Users/mathg/OneDrive/Bureau/Tout/Bacc UdeS/S4APP4/git/S4App4/mips32_unicycle_reference/mips32_unicycle_reference.srcs/sources_1/new/MemDonneesWideDual.vhd
Warning: mauvais alignement de l'adresse pour une ecriture large
Time: 380 ns  Iteration: 5  Process: /mips_unicycle_tb/dut/inst_Datapath/inst_MemDonneesWide/line__64  File: C:/Users/mathg/OneDrive/Bureau/Tout/Bacc UdeS/S4APP4/git/S4App4/mips32_unicycle_reference/mips32_unicycle_reference.srcs/sources_1/new/MemDonneesWideDual.vhd
Warning: mauvais alignement de l'adresse pour une ecriture large
Time: 380 ns  Iteration: 8  Process: /mips_unicycle_tb/dut/inst_Datapath/inst_MemDonneesWide/line__64  File: C:/Users/mathg/OneDrive/Bureau/Tout/Bacc UdeS/S4APP4/git/S4App4/mips32_unicycle_reference/mips32_unicycle_reference.srcs/sources_1/new/MemDonneesWideDual.vhd
Warning: mauvais alignement de l'adresse pour une ecriture large
Time: 390 ns  Iteration: 8  Process: /mips_unicycle_tb/dut/inst_Datapath/inst_MemDonneesWide/line__64  File: C:/Users/mathg/OneDrive/Bureau/Tout/Bacc UdeS/S4APP4/git/S4App4/mips32_unicycle_reference/mips32_unicycle_reference.srcs/sources_1/new/MemDonneesWideDual.vhd
Warning: mauvais alignement de l'adresse pour une ecriture large
Time: 390 ns  Iteration: 9  Process: /mips_unicycle_tb/dut/inst_Datapath/inst_MemDonneesWide/line__64  File: C:/Users/mathg/OneDrive/Bureau/Tout/Bacc UdeS/S4APP4/git/S4App4/mips32_unicycle_reference/mips32_unicycle_reference.srcs/sources_1/new/MemDonneesWideDual.vhd
Warning: mauvais alignement de l'adresse pour une ecriture large
Time: 400 ns  Iteration: 8  Process: /mips_unicycle_tb/dut/inst_Datapath/inst_MemDonneesWide/line__64  File: C:/Users/mathg/OneDrive/Bureau/Tout/Bacc UdeS/S4APP4/git/S4App4/mips32_unicycle_reference/mips32_unicycle_reference.srcs/sources_1/new/MemDonneesWideDual.vhd
Warning: mauvais alignement de l'adresse pour une ecriture large
Time: 440 ns  Iteration: 8  Process: /mips_unicycle_tb/dut/inst_Datapath/inst_MemDonneesWide/line__64  File: C:/Users/mathg/OneDrive/Bureau/Tout/Bacc UdeS/S4APP4/git/S4App4/mips32_unicycle_reference/mips32_unicycle_reference.srcs/sources_1/new/MemDonneesWideDual.vhd
Warning: mauvais alignement de l'adresse pour une ecriture large
Time: 440 ns  Iteration: 9  Process: /mips_unicycle_tb/dut/inst_Datapath/inst_MemDonneesWide/line__64  File: C:/Users/mathg/OneDrive/Bureau/Tout/Bacc UdeS/S4APP4/git/S4App4/mips32_unicycle_reference/mips32_unicycle_reference.srcs/sources_1/new/MemDonneesWideDual.vhd
Warning: mauvais alignement de l'adresse pour une ecriture large
Time: 440 ns  Iteration: 10  Process: /mips_unicycle_tb/dut/inst_Datapath/inst_MemDonneesWide/line__64  File: C:/Users/mathg/OneDrive/Bureau/Tout/Bacc UdeS/S4APP4/git/S4App4/mips32_unicycle_reference/mips32_unicycle_reference.srcs/sources_1/new/MemDonneesWideDual.vhd
Warning: mauvais alignement de l'adresse pour une ecriture large
Time: 450 ns  Iteration: 5  Process: /mips_unicycle_tb/dut/inst_Datapath/inst_MemDonneesWide/line__64  File: C:/Users/mathg/OneDrive/Bureau/Tout/Bacc UdeS/S4APP4/git/S4App4/mips32_unicycle_reference/mips32_unicycle_reference.srcs/sources_1/new/MemDonneesWideDual.vhd
Warning: mauvais alignement de l'adresse pour une ecriture large
Time: 450 ns  Iteration: 8  Process: /mips_unicycle_tb/dut/inst_Datapath/inst_MemDonneesWide/line__64  File: C:/Users/mathg/OneDrive/Bureau/Tout/Bacc UdeS/S4APP4/git/S4App4/mips32_unicycle_reference/mips32_unicycle_reference.srcs/sources_1/new/MemDonneesWideDual.vhd
Warning: mauvais alignement de l'adresse pour une ecriture large
Time: 460 ns  Iteration: 8  Process: /mips_unicycle_tb/dut/inst_Datapath/inst_MemDonneesWide/line__64  File: C:/Users/mathg/OneDrive/Bureau/Tout/Bacc UdeS/S4APP4/git/S4App4/mips32_unicycle_reference/mips32_unicycle_reference.srcs/sources_1/new/MemDonneesWideDual.vhd
Warning: mauvais alignement de l'adresse pour une ecriture large
Time: 460 ns  Iteration: 9  Process: /mips_unicycle_tb/dut/inst_Datapath/inst_MemDonneesWide/line__64  File: C:/Users/mathg/OneDrive/Bureau/Tout/Bacc UdeS/S4APP4/git/S4App4/mips32_unicycle_reference/mips32_unicycle_reference.srcs/sources_1/new/MemDonneesWideDual.vhd
Warning: mauvais alignement de l'adresse pour une ecriture large
Time: 470 ns  Iteration: 8  Process: /mips_unicycle_tb/dut/inst_Datapath/inst_MemDonneesWide/line__64  File: C:/Users/mathg/OneDrive/Bureau/Tout/Bacc UdeS/S4APP4/git/S4App4/mips32_unicycle_reference/mips32_unicycle_reference.srcs/sources_1/new/MemDonneesWideDual.vhd
Warning: mauvais alignement de l'adresse pour une ecriture large
Time: 510 ns  Iteration: 8  Process: /mips_unicycle_tb/dut/inst_Datapath/inst_MemDonneesWide/line__64  File: C:/Users/mathg/OneDrive/Bureau/Tout/Bacc UdeS/S4APP4/git/S4App4/mips32_unicycle_reference/mips32_unicycle_reference.srcs/sources_1/new/MemDonneesWideDual.vhd
Warning: mauvais alignement de l'adresse pour une ecriture large
Time: 510 ns  Iteration: 9  Process: /mips_unicycle_tb/dut/inst_Datapath/inst_MemDonneesWide/line__64  File: C:/Users/mathg/OneDrive/Bureau/Tout/Bacc UdeS/S4APP4/git/S4App4/mips32_unicycle_reference/mips32_unicycle_reference.srcs/sources_1/new/MemDonneesWideDual.vhd
Warning: mauvais alignement de l'adresse pour une ecriture large
Time: 510 ns  Iteration: 10  Process: /mips_unicycle_tb/dut/inst_Datapath/inst_MemDonneesWide/line__64  File: C:/Users/mathg/OneDrive/Bureau/Tout/Bacc UdeS/S4APP4/git/S4App4/mips32_unicycle_reference/mips32_unicycle_reference.srcs/sources_1/new/MemDonneesWideDual.vhd
Warning: mauvais alignement de l'adresse pour une ecriture large
Time: 520 ns  Iteration: 5  Process: /mips_unicycle_tb/dut/inst_Datapath/inst_MemDonneesWide/line__64  File: C:/Users/mathg/OneDrive/Bureau/Tout/Bacc UdeS/S4APP4/git/S4App4/mips32_unicycle_reference/mips32_unicycle_reference.srcs/sources_1/new/MemDonneesWideDual.vhd
Warning: mauvais alignement de l'adresse pour une ecriture large
Time: 520 ns  Iteration: 8  Process: /mips_unicycle_tb/dut/inst_Datapath/inst_MemDonneesWide/line__64  File: C:/Users/mathg/OneDrive/Bureau/Tout/Bacc UdeS/S4APP4/git/S4App4/mips32_unicycle_reference/mips32_unicycle_reference.srcs/sources_1/new/MemDonneesWideDual.vhd
Warning: mauvais alignement de l'adresse pour une ecriture large
Time: 530 ns  Iteration: 8  Process: /mips_unicycle_tb/dut/inst_Datapath/inst_MemDonneesWide/line__64  File: C:/Users/mathg/OneDrive/Bureau/Tout/Bacc UdeS/S4APP4/git/S4App4/mips32_unicycle_reference/mips32_unicycle_reference.srcs/sources_1/new/MemDonneesWideDual.vhd
Warning: mauvais alignement de l'adresse pour une ecriture large
Time: 530 ns  Iteration: 9  Process: /mips_unicycle_tb/dut/inst_Datapath/inst_MemDonneesWide/line__64  File: C:/Users/mathg/OneDrive/Bureau/Tout/Bacc UdeS/S4APP4/git/S4App4/mips32_unicycle_reference/mips32_unicycle_reference.srcs/sources_1/new/MemDonneesWideDual.vhd
Warning: mauvais alignement de l'adresse pour une ecriture large
Time: 540 ns  Iteration: 8  Process: /mips_unicycle_tb/dut/inst_Datapath/inst_MemDonneesWide/line__64  File: C:/Users/mathg/OneDrive/Bureau/Tout/Bacc UdeS/S4APP4/git/S4App4/mips32_unicycle_reference/mips32_unicycle_reference.srcs/sources_1/new/MemDonneesWideDual.vhd
Warning: mauvais alignement de l'adresse pour une ecriture large
Time: 580 ns  Iteration: 8  Process: /mips_unicycle_tb/dut/inst_Datapath/inst_MemDonneesWide/line__64  File: C:/Users/mathg/OneDrive/Bureau/Tout/Bacc UdeS/S4APP4/git/S4App4/mips32_unicycle_reference/mips32_unicycle_reference.srcs/sources_1/new/MemDonneesWideDual.vhd
Warning: mauvais alignement de l'adresse pour une ecriture large
Time: 580 ns  Iteration: 9  Process: /mips_unicycle_tb/dut/inst_Datapath/inst_MemDonneesWide/line__64  File: C:/Users/mathg/OneDrive/Bureau/Tout/Bacc UdeS/S4APP4/git/S4App4/mips32_unicycle_reference/mips32_unicycle_reference.srcs/sources_1/new/MemDonneesWideDual.vhd
Warning: mauvais alignement de l'adresse pour une ecriture large
Time: 580 ns  Iteration: 10  Process: /mips_unicycle_tb/dut/inst_Datapath/inst_MemDonneesWide/line__64  File: C:/Users/mathg/OneDrive/Bureau/Tout/Bacc UdeS/S4APP4/git/S4App4/mips32_unicycle_reference/mips32_unicycle_reference.srcs/sources_1/new/MemDonneesWideDual.vhd
Warning: mauvais alignement de l'adresse pour une ecriture large
Time: 590 ns  Iteration: 5  Process: /mips_unicycle_tb/dut/inst_Datapath/inst_MemDonneesWide/line__64  File: C:/Users/mathg/OneDrive/Bureau/Tout/Bacc UdeS/S4APP4/git/S4App4/mips32_unicycle_reference/mips32_unicycle_reference.srcs/sources_1/new/MemDonneesWideDual.vhd
Warning: mauvais alignement de l'adresse pour une ecriture large
Time: 590 ns  Iteration: 8  Process: /mips_unicycle_tb/dut/inst_Datapath/inst_MemDonneesWide/line__64  File: C:/Users/mathg/OneDrive/Bureau/Tout/Bacc UdeS/S4APP4/git/S4App4/mips32_unicycle_reference/mips32_unicycle_reference.srcs/sources_1/new/MemDonneesWideDual.vhd
Warning: mauvais alignement de l'adresse pour une ecriture large
Time: 600 ns  Iteration: 8  Process: /mips_unicycle_tb/dut/inst_Datapath/inst_MemDonneesWide/line__64  File: C:/Users/mathg/OneDrive/Bureau/Tout/Bacc UdeS/S4APP4/git/S4App4/mips32_unicycle_reference/mips32_unicycle_reference.srcs/sources_1/new/MemDonneesWideDual.vhd
Warning: mauvais alignement de l'adresse pour une ecriture large
Time: 600 ns  Iteration: 9  Process: /mips_unicycle_tb/dut/inst_Datapath/inst_MemDonneesWide/line__64  File: C:/Users/mathg/OneDrive/Bureau/Tout/Bacc UdeS/S4APP4/git/S4App4/mips32_unicycle_reference/mips32_unicycle_reference.srcs/sources_1/new/MemDonneesWideDual.vhd
Warning: mauvais alignement de l'adresse pour une ecriture large
Time: 610 ns  Iteration: 8  Process: /mips_unicycle_tb/dut/inst_Datapath/inst_MemDonneesWide/line__64  File: C:/Users/mathg/OneDrive/Bureau/Tout/Bacc UdeS/S4APP4/git/S4App4/mips32_unicycle_reference/mips32_unicycle_reference.srcs/sources_1/new/MemDonneesWideDual.vhd
Warning: mauvais alignement de l'adresse pour une ecriture large
Time: 650 ns  Iteration: 8  Process: /mips_unicycle_tb/dut/inst_Datapath/inst_MemDonneesWide/line__64  File: C:/Users/mathg/OneDrive/Bureau/Tout/Bacc UdeS/S4APP4/git/S4App4/mips32_unicycle_reference/mips32_unicycle_reference.srcs/sources_1/new/MemDonneesWideDual.vhd
Warning: mauvais alignement de l'adresse pour une ecriture large
Time: 650 ns  Iteration: 9  Process: /mips_unicycle_tb/dut/inst_Datapath/inst_MemDonneesWide/line__64  File: C:/Users/mathg/OneDrive/Bureau/Tout/Bacc UdeS/S4APP4/git/S4App4/mips32_unicycle_reference/mips32_unicycle_reference.srcs/sources_1/new/MemDonneesWideDual.vhd
Warning: mauvais alignement de l'adresse pour une ecriture large
Time: 650 ns  Iteration: 10  Process: /mips_unicycle_tb/dut/inst_Datapath/inst_MemDonneesWide/line__64  File: C:/Users/mathg/OneDrive/Bureau/Tout/Bacc UdeS/S4APP4/git/S4App4/mips32_unicycle_reference/mips32_unicycle_reference.srcs/sources_1/new/MemDonneesWideDual.vhd
Warning: mauvais alignement de l'adresse pour une ecriture large
Time: 660 ns  Iteration: 5  Process: /mips_unicycle_tb/dut/inst_Datapath/inst_MemDonneesWide/line__64  File: C:/Users/mathg/OneDrive/Bureau/Tout/Bacc UdeS/S4APP4/git/S4App4/mips32_unicycle_reference/mips32_unicycle_reference.srcs/sources_1/new/MemDonneesWideDual.vhd
Warning: mauvais alignement de l'adresse pour une ecriture large
Time: 660 ns  Iteration: 8  Process: /mips_unicycle_tb/dut/inst_Datapath/inst_MemDonneesWide/line__64  File: C:/Users/mathg/OneDrive/Bureau/Tout/Bacc UdeS/S4APP4/git/S4App4/mips32_unicycle_reference/mips32_unicycle_reference.srcs/sources_1/new/MemDonneesWideDual.vhd
Warning: mauvais alignement de l'adresse pour une ecriture large
Time: 670 ns  Iteration: 8  Process: /mips_unicycle_tb/dut/inst_Datapath/inst_MemDonneesWide/line__64  File: C:/Users/mathg/OneDrive/Bureau/Tout/Bacc UdeS/S4APP4/git/S4App4/mips32_unicycle_reference/mips32_unicycle_reference.srcs/sources_1/new/MemDonneesWideDual.vhd
Warning: mauvais alignement de l'adresse pour une ecriture large
Time: 670 ns  Iteration: 9  Process: /mips_unicycle_tb/dut/inst_Datapath/inst_MemDonneesWide/line__64  File: C:/Users/mathg/OneDrive/Bureau/Tout/Bacc UdeS/S4APP4/git/S4App4/mips32_unicycle_reference/mips32_unicycle_reference.srcs/sources_1/new/MemDonneesWideDual.vhd
Warning: mauvais alignement de l'adresse pour une ecriture large
Time: 680 ns  Iteration: 8  Process: /mips_unicycle_tb/dut/inst_Datapath/inst_MemDonneesWide/line__64  File: C:/Users/mathg/OneDrive/Bureau/Tout/Bacc UdeS/S4APP4/git/S4App4/mips32_unicycle_reference/mips32_unicycle_reference.srcs/sources_1/new/MemDonneesWideDual.vhd
Warning: mauvais alignement de l'adresse pour une ecriture large
Time: 720 ns  Iteration: 8  Process: /mips_unicycle_tb/dut/inst_Datapath/inst_MemDonneesWide/line__64  File: C:/Users/mathg/OneDrive/Bureau/Tout/Bacc UdeS/S4APP4/git/S4App4/mips32_unicycle_reference/mips32_unicycle_reference.srcs/sources_1/new/MemDonneesWideDual.vhd
Warning: mauvais alignement de l'adresse pour une ecriture large
Time: 720 ns  Iteration: 9  Process: /mips_unicycle_tb/dut/inst_Datapath/inst_MemDonneesWide/line__64  File: C:/Users/mathg/OneDrive/Bureau/Tout/Bacc UdeS/S4APP4/git/S4App4/mips32_unicycle_reference/mips32_unicycle_reference.srcs/sources_1/new/MemDonneesWideDual.vhd
Warning: mauvais alignement de l'adresse pour une ecriture large
Time: 720 ns  Iteration: 10  Process: /mips_unicycle_tb/dut/inst_Datapath/inst_MemDonneesWide/line__64  File: C:/Users/mathg/OneDrive/Bureau/Tout/Bacc UdeS/S4APP4/git/S4App4/mips32_unicycle_reference/mips32_unicycle_reference.srcs/sources_1/new/MemDonneesWideDual.vhd
Warning: mauvais alignement de l'adresse pour une ecriture large
Time: 730 ns  Iteration: 5  Process: /mips_unicycle_tb/dut/inst_Datapath/inst_MemDonneesWide/line__64  File: C:/Users/mathg/OneDrive/Bureau/Tout/Bacc UdeS/S4APP4/git/S4App4/mips32_unicycle_reference/mips32_unicycle_reference.srcs/sources_1/new/MemDonneesWideDual.vhd
Warning: mauvais alignement de l'adresse pour une ecriture large
Time: 730 ns  Iteration: 8  Process: /mips_unicycle_tb/dut/inst_Datapath/inst_MemDonneesWide/line__64  File: C:/Users/mathg/OneDrive/Bureau/Tout/Bacc UdeS/S4APP4/git/S4App4/mips32_unicycle_reference/mips32_unicycle_reference.srcs/sources_1/new/MemDonneesWideDual.vhd
Warning: mauvais alignement de l'adresse pour une ecriture large
Time: 740 ns  Iteration: 8  Process: /mips_unicycle_tb/dut/inst_Datapath/inst_MemDonneesWide/line__64  File: C:/Users/mathg/OneDrive/Bureau/Tout/Bacc UdeS/S4APP4/git/S4App4/mips32_unicycle_reference/mips32_unicycle_reference.srcs/sources_1/new/MemDonneesWideDual.vhd
Warning: mauvais alignement de l'adresse pour une ecriture large
Time: 740 ns  Iteration: 9  Process: /mips_unicycle_tb/dut/inst_Datapath/inst_MemDonneesWide/line__64  File: C:/Users/mathg/OneDrive/Bureau/Tout/Bacc UdeS/S4APP4/git/S4App4/mips32_unicycle_reference/mips32_unicycle_reference.srcs/sources_1/new/MemDonneesWideDual.vhd
Warning: mauvais alignement de l'adresse pour une ecriture large
Time: 750 ns  Iteration: 8  Process: /mips_unicycle_tb/dut/inst_Datapath/inst_MemDonneesWide/line__64  File: C:/Users/mathg/OneDrive/Bureau/Tout/Bacc UdeS/S4APP4/git/S4App4/mips32_unicycle_reference/mips32_unicycle_reference.srcs/sources_1/new/MemDonneesWideDual.vhd
Warning: mauvais alignement de l'adresse pour une ecriture large
Time: 790 ns  Iteration: 8  Process: /mips_unicycle_tb/dut/inst_Datapath/inst_MemDonneesWide/line__64  File: C:/Users/mathg/OneDrive/Bureau/Tout/Bacc UdeS/S4APP4/git/S4App4/mips32_unicycle_reference/mips32_unicycle_reference.srcs/sources_1/new/MemDonneesWideDual.vhd
Warning: mauvais alignement de l'adresse pour une ecriture large
Time: 790 ns  Iteration: 9  Process: /mips_unicycle_tb/dut/inst_Datapath/inst_MemDonneesWide/line__64  File: C:/Users/mathg/OneDrive/Bureau/Tout/Bacc UdeS/S4APP4/git/S4App4/mips32_unicycle_reference/mips32_unicycle_reference.srcs/sources_1/new/MemDonneesWideDual.vhd
Warning: mauvais alignement de l'adresse pour une ecriture large
Time: 790 ns  Iteration: 10  Process: /mips_unicycle_tb/dut/inst_Datapath/inst_MemDonneesWide/line__64  File: C:/Users/mathg/OneDrive/Bureau/Tout/Bacc UdeS/S4APP4/git/S4App4/mips32_unicycle_reference/mips32_unicycle_reference.srcs/sources_1/new/MemDonneesWideDual.vhd
Warning: mauvais alignement de l'adresse pour une ecriture large
Time: 800 ns  Iteration: 5  Process: /mips_unicycle_tb/dut/inst_Datapath/inst_MemDonneesWide/line__64  File: C:/Users/mathg/OneDrive/Bureau/Tout/Bacc UdeS/S4APP4/git/S4App4/mips32_unicycle_reference/mips32_unicycle_reference.srcs/sources_1/new/MemDonneesWideDual.vhd
Warning: mauvais alignement de l'adresse pour une ecriture large
Time: 800 ns  Iteration: 8  Process: /mips_unicycle_tb/dut/inst_Datapath/inst_MemDonneesWide/line__64  File: C:/Users/mathg/OneDrive/Bureau/Tout/Bacc UdeS/S4APP4/git/S4App4/mips32_unicycle_reference/mips32_unicycle_reference.srcs/sources_1/new/MemDonneesWideDual.vhd
Warning: mauvais alignement de l'adresse pour une ecriture large
Time: 810 ns  Iteration: 8  Process: /mips_unicycle_tb/dut/inst_Datapath/inst_MemDonneesWide/line__64  File: C:/Users/mathg/OneDrive/Bureau/Tout/Bacc UdeS/S4APP4/git/S4App4/mips32_unicycle_reference/mips32_unicycle_reference.srcs/sources_1/new/MemDonneesWideDual.vhd
Warning: mauvais alignement de l'adresse pour une ecriture large
Time: 810 ns  Iteration: 9  Process: /mips_unicycle_tb/dut/inst_Datapath/inst_MemDonneesWide/line__64  File: C:/Users/mathg/OneDrive/Bureau/Tout/Bacc UdeS/S4APP4/git/S4App4/mips32_unicycle_reference/mips32_unicycle_reference.srcs/sources_1/new/MemDonneesWideDual.vhd
Warning: mauvais alignement de l'adresse pour une ecriture large
Time: 820 ns  Iteration: 8  Process: /mips_unicycle_tb/dut/inst_Datapath/inst_MemDonneesWide/line__64  File: C:/Users/mathg/OneDrive/Bureau/Tout/Bacc UdeS/S4APP4/git/S4App4/mips32_unicycle_reference/mips32_unicycle_reference.srcs/sources_1/new/MemDonneesWideDual.vhd
Warning: mauvais alignement de l'adresse pour une ecriture large
Time: 860 ns  Iteration: 8  Process: /mips_unicycle_tb/dut/inst_Datapath/inst_MemDonneesWide/line__64  File: C:/Users/mathg/OneDrive/Bureau/Tout/Bacc UdeS/S4APP4/git/S4App4/mips32_unicycle_reference/mips32_unicycle_reference.srcs/sources_1/new/MemDonneesWideDual.vhd
Warning: mauvais alignement de l'adresse pour une ecriture large
Time: 860 ns  Iteration: 9  Process: /mips_unicycle_tb/dut/inst_Datapath/inst_MemDonneesWide/line__64  File: C:/Users/mathg/OneDrive/Bureau/Tout/Bacc UdeS/S4APP4/git/S4App4/mips32_unicycle_reference/mips32_unicycle_reference.srcs/sources_1/new/MemDonneesWideDual.vhd
Warning: mauvais alignement de l'adresse pour une ecriture large
Time: 860 ns  Iteration: 10  Process: /mips_unicycle_tb/dut/inst_Datapath/inst_MemDonneesWide/line__64  File: C:/Users/mathg/OneDrive/Bureau/Tout/Bacc UdeS/S4APP4/git/S4App4/mips32_unicycle_reference/mips32_unicycle_reference.srcs/sources_1/new/MemDonneesWideDual.vhd
Warning: mauvais alignement de l'adresse pour une ecriture large
Time: 870 ns  Iteration: 5  Process: /mips_unicycle_tb/dut/inst_Datapath/inst_MemDonneesWide/line__64  File: C:/Users/mathg/OneDrive/Bureau/Tout/Bacc UdeS/S4APP4/git/S4App4/mips32_unicycle_reference/mips32_unicycle_reference.srcs/sources_1/new/MemDonneesWideDual.vhd
Warning: mauvais alignement de l'adresse pour une ecriture large
Time: 870 ns  Iteration: 8  Process: /mips_unicycle_tb/dut/inst_Datapath/inst_MemDonneesWide/line__64  File: C:/Users/mathg/OneDrive/Bureau/Tout/Bacc UdeS/S4APP4/git/S4App4/mips32_unicycle_reference/mips32_unicycle_reference.srcs/sources_1/new/MemDonneesWideDual.vhd
Warning: mauvais alignement de l'adresse pour une ecriture large
Time: 880 ns  Iteration: 8  Process: /mips_unicycle_tb/dut/inst_Datapath/inst_MemDonneesWide/line__64  File: C:/Users/mathg/OneDrive/Bureau/Tout/Bacc UdeS/S4APP4/git/S4App4/mips32_unicycle_reference/mips32_unicycle_reference.srcs/sources_1/new/MemDonneesWideDual.vhd
Warning: mauvais alignement de l'adresse pour une ecriture large
Time: 880 ns  Iteration: 9  Process: /mips_unicycle_tb/dut/inst_Datapath/inst_MemDonneesWide/line__64  File: C:/Users/mathg/OneDrive/Bureau/Tout/Bacc UdeS/S4APP4/git/S4App4/mips32_unicycle_reference/mips32_unicycle_reference.srcs/sources_1/new/MemDonneesWideDual.vhd
Warning: mauvais alignement de l'adresse pour une ecriture large
Time: 890 ns  Iteration: 8  Process: /mips_unicycle_tb/dut/inst_Datapath/inst_MemDonneesWide/line__64  File: C:/Users/mathg/OneDrive/Bureau/Tout/Bacc UdeS/S4APP4/git/S4App4/mips32_unicycle_reference/mips32_unicycle_reference.srcs/sources_1/new/MemDonneesWideDual.vhd
Warning: mauvais alignement de l'adresse pour une ecriture large
Time: 930 ns  Iteration: 8  Process: /mips_unicycle_tb/dut/inst_Datapath/inst_MemDonneesWide/line__64  File: C:/Users/mathg/OneDrive/Bureau/Tout/Bacc UdeS/S4APP4/git/S4App4/mips32_unicycle_reference/mips32_unicycle_reference.srcs/sources_1/new/MemDonneesWideDual.vhd
Warning: mauvais alignement de l'adresse pour une ecriture large
Time: 930 ns  Iteration: 9  Process: /mips_unicycle_tb/dut/inst_Datapath/inst_MemDonneesWide/line__64  File: C:/Users/mathg/OneDrive/Bureau/Tout/Bacc UdeS/S4APP4/git/S4App4/mips32_unicycle_reference/mips32_unicycle_reference.srcs/sources_1/new/MemDonneesWideDual.vhd
Warning: mauvais alignement de l'adresse pour une ecriture large
Time: 930 ns  Iteration: 10  Process: /mips_unicycle_tb/dut/inst_Datapath/inst_MemDonneesWide/line__64  File: C:/Users/mathg/OneDrive/Bureau/Tout/Bacc UdeS/S4APP4/git/S4App4/mips32_unicycle_reference/mips32_unicycle_reference.srcs/sources_1/new/MemDonneesWideDual.vhd
Warning: mauvais alignement de l'adresse pour une ecriture large
Time: 940 ns  Iteration: 5  Process: /mips_unicycle_tb/dut/inst_Datapath/inst_MemDonneesWide/line__64  File: C:/Users/mathg/OneDrive/Bureau/Tout/Bacc UdeS/S4APP4/git/S4App4/mips32_unicycle_reference/mips32_unicycle_reference.srcs/sources_1/new/MemDonneesWideDual.vhd
Warning: mauvais alignement de l'adresse pour une ecriture large
Time: 940 ns  Iteration: 8  Process: /mips_unicycle_tb/dut/inst_Datapath/inst_MemDonneesWide/line__64  File: C:/Users/mathg/OneDrive/Bureau/Tout/Bacc UdeS/S4APP4/git/S4App4/mips32_unicycle_reference/mips32_unicycle_reference.srcs/sources_1/new/MemDonneesWideDual.vhd
Warning: mauvais alignement de l'adresse pour une ecriture large
Time: 950 ns  Iteration: 8  Process: /mips_unicycle_tb/dut/inst_Datapath/inst_MemDonneesWide/line__64  File: C:/Users/mathg/OneDrive/Bureau/Tout/Bacc UdeS/S4APP4/git/S4App4/mips32_unicycle_reference/mips32_unicycle_reference.srcs/sources_1/new/MemDonneesWideDual.vhd
Warning: mauvais alignement de l'adresse pour une ecriture large
Time: 950 ns  Iteration: 9  Process: /mips_unicycle_tb/dut/inst_Datapath/inst_MemDonneesWide/line__64  File: C:/Users/mathg/OneDrive/Bureau/Tout/Bacc UdeS/S4APP4/git/S4App4/mips32_unicycle_reference/mips32_unicycle_reference.srcs/sources_1/new/MemDonneesWideDual.vhd
Warning: mauvais alignement de l'adresse pour une ecriture large
Time: 960 ns  Iteration: 8  Process: /mips_unicycle_tb/dut/inst_Datapath/inst_MemDonneesWide/line__64  File: C:/Users/mathg/OneDrive/Bureau/Tout/Bacc UdeS/S4APP4/git/S4App4/mips32_unicycle_reference/mips32_unicycle_reference.srcs/sources_1/new/MemDonneesWideDual.vhd
Warning: mauvais alignement de l'adresse pour une ecriture large
Time: 1 us  Iteration: 8  Process: /mips_unicycle_tb/dut/inst_Datapath/inst_MemDonneesWide/line__64  File: C:/Users/mathg/OneDrive/Bureau/Tout/Bacc UdeS/S4APP4/git/S4App4/mips32_unicycle_reference/mips32_unicycle_reference.srcs/sources_1/new/MemDonneesWideDual.vhd
Warning: mauvais alignement de l'adresse pour une ecriture large
Time: 1 us  Iteration: 9  Process: /mips_unicycle_tb/dut/inst_Datapath/inst_MemDonneesWide/line__64  File: C:/Users/mathg/OneDrive/Bureau/Tout/Bacc UdeS/S4APP4/git/S4App4/mips32_unicycle_reference/mips32_unicycle_reference.srcs/sources_1/new/MemDonneesWideDual.vhd
Warning: mauvais alignement de l'adresse pour une ecriture large
Time: 1 us  Iteration: 10  Process: /mips_unicycle_tb/dut/inst_Datapath/inst_MemDonneesWide/line__64  File: C:/Users/mathg/OneDrive/Bureau/Tout/Bacc UdeS/S4APP4/git/S4App4/mips32_unicycle_reference/mips32_unicycle_reference.srcs/sources_1/new/MemDonneesWideDual.vhd
Warning: mauvais alignement de l'adresse pour une ecriture large
Time: 1010 ns  Iteration: 5  Process: /mips_unicycle_tb/dut/inst_Datapath/inst_MemDonneesWide/line__64  File: C:/Users/mathg/OneDrive/Bureau/Tout/Bacc UdeS/S4APP4/git/S4App4/mips32_unicycle_reference/mips32_unicycle_reference.srcs/sources_1/new/MemDonneesWideDual.vhd
Warning: mauvais alignement de l'adresse pour une ecriture large
Time: 1010 ns  Iteration: 8  Process: /mips_unicycle_tb/dut/inst_Datapath/inst_MemDonneesWide/line__64  File: C:/Users/mathg/OneDrive/Bureau/Tout/Bacc UdeS/S4APP4/git/S4App4/mips32_unicycle_reference/mips32_unicycle_reference.srcs/sources_1/new/MemDonneesWideDual.vhd
Warning: mauvais alignement de l'adresse pour une ecriture large
Time: 1020 ns  Iteration: 8  Process: /mips_unicycle_tb/dut/inst_Datapath/inst_MemDonneesWide/line__64  File: C:/Users/mathg/OneDrive/Bureau/Tout/Bacc UdeS/S4APP4/git/S4App4/mips32_unicycle_reference/mips32_unicycle_reference.srcs/sources_1/new/MemDonneesWideDual.vhd
Warning: mauvais alignement de l'adresse pour une ecriture large
Time: 1020 ns  Iteration: 9  Process: /mips_unicycle_tb/dut/inst_Datapath/inst_MemDonneesWide/line__64  File: C:/Users/mathg/OneDrive/Bureau/Tout/Bacc UdeS/S4APP4/git/S4App4/mips32_unicycle_reference/mips32_unicycle_reference.srcs/sources_1/new/MemDonneesWideDual.vhd
Warning: mauvais alignement de l'adresse pour une ecriture large
Time: 1030 ns  Iteration: 8  Process: /mips_unicycle_tb/dut/inst_Datapath/inst_MemDonneesWide/line__64  File: C:/Users/mathg/OneDrive/Bureau/Tout/Bacc UdeS/S4APP4/git/S4App4/mips32_unicycle_reference/mips32_unicycle_reference.srcs/sources_1/new/MemDonneesWideDual.vhd
Warning: mauvais alignement de l'adresse pour une ecriture large
Time: 1070 ns  Iteration: 8  Process: /mips_unicycle_tb/dut/inst_Datapath/inst_MemDonneesWide/line__64  File: C:/Users/mathg/OneDrive/Bureau/Tout/Bacc UdeS/S4APP4/git/S4App4/mips32_unicycle_reference/mips32_unicycle_reference.srcs/sources_1/new/MemDonneesWideDual.vhd
Warning: mauvais alignement de l'adresse pour une ecriture large
Time: 1070 ns  Iteration: 9  Process: /mips_unicycle_tb/dut/inst_Datapath/inst_MemDonneesWide/line__64  File: C:/Users/mathg/OneDrive/Bureau/Tout/Bacc UdeS/S4APP4/git/S4App4/mips32_unicycle_reference/mips32_unicycle_reference.srcs/sources_1/new/MemDonneesWideDual.vhd
Warning: mauvais alignement de l'adresse pour une ecriture large
Time: 1070 ns  Iteration: 10  Process: /mips_unicycle_tb/dut/inst_Datapath/inst_MemDonneesWide/line__64  File: C:/Users/mathg/OneDrive/Bureau/Tout/Bacc UdeS/S4APP4/git/S4App4/mips32_unicycle_reference/mips32_unicycle_reference.srcs/sources_1/new/MemDonneesWideDual.vhd
Warning: mauvais alignement de l'adresse pour une ecriture large
Time: 1080 ns  Iteration: 5  Process: /mips_unicycle_tb/dut/inst_Datapath/inst_MemDonneesWide/line__64  File: C:/Users/mathg/OneDrive/Bureau/Tout/Bacc UdeS/S4APP4/git/S4App4/mips32_unicycle_reference/mips32_unicycle_reference.srcs/sources_1/new/MemDonneesWideDual.vhd
Warning: mauvais alignement de l'adresse pour une ecriture large
Time: 1080 ns  Iteration: 8  Process: /mips_unicycle_tb/dut/inst_Datapath/inst_MemDonneesWide/line__64  File: C:/Users/mathg/OneDrive/Bureau/Tout/Bacc UdeS/S4APP4/git/S4App4/mips32_unicycle_reference/mips32_unicycle_reference.srcs/sources_1/new/MemDonneesWideDual.vhd
Warning: mauvais alignement de l'adresse pour une ecriture large
Time: 1090 ns  Iteration: 8  Process: /mips_unicycle_tb/dut/inst_Datapath/inst_MemDonneesWide/line__64  File: C:/Users/mathg/OneDrive/Bureau/Tout/Bacc UdeS/S4APP4/git/S4App4/mips32_unicycle_reference/mips32_unicycle_reference.srcs/sources_1/new/MemDonneesWideDual.vhd
Warning: mauvais alignement de l'adresse pour une ecriture large
Time: 1090 ns  Iteration: 9  Process: /mips_unicycle_tb/dut/inst_Datapath/inst_MemDonneesWide/line__64  File: C:/Users/mathg/OneDrive/Bureau/Tout/Bacc UdeS/S4APP4/git/S4App4/mips32_unicycle_reference/mips32_unicycle_reference.srcs/sources_1/new/MemDonneesWideDual.vhd
Warning: mauvais alignement de l'adresse pour une ecriture large
Time: 1100 ns  Iteration: 8  Process: /mips_unicycle_tb/dut/inst_Datapath/inst_MemDonneesWide/line__64  File: C:/Users/mathg/OneDrive/Bureau/Tout/Bacc UdeS/S4APP4/git/S4App4/mips32_unicycle_reference/mips32_unicycle_reference.srcs/sources_1/new/MemDonneesWideDual.vhd
Warning: mauvais alignement de l'adresse pour une ecriture large
Time: 1140 ns  Iteration: 8  Process: /mips_unicycle_tb/dut/inst_Datapath/inst_MemDonneesWide/line__64  File: C:/Users/mathg/OneDrive/Bureau/Tout/Bacc UdeS/S4APP4/git/S4App4/mips32_unicycle_reference/mips32_unicycle_reference.srcs/sources_1/new/MemDonneesWideDual.vhd
Warning: mauvais alignement de l'adresse pour une ecriture large
Time: 1140 ns  Iteration: 9  Process: /mips_unicycle_tb/dut/inst_Datapath/inst_MemDonneesWide/line__64  File: C:/Users/mathg/OneDrive/Bureau/Tout/Bacc UdeS/S4APP4/git/S4App4/mips32_unicycle_reference/mips32_unicycle_reference.srcs/sources_1/new/MemDonneesWideDual.vhd
Warning: mauvais alignement de l'adresse pour une ecriture large
Time: 1140 ns  Iteration: 10  Process: /mips_unicycle_tb/dut/inst_Datapath/inst_MemDonneesWide/line__64  File: C:/Users/mathg/OneDrive/Bureau/Tout/Bacc UdeS/S4APP4/git/S4App4/mips32_unicycle_reference/mips32_unicycle_reference.srcs/sources_1/new/MemDonneesWideDual.vhd
Warning: mauvais alignement de l'adresse pour une ecriture large
Time: 1150 ns  Iteration: 5  Process: /mips_unicycle_tb/dut/inst_Datapath/inst_MemDonneesWide/line__64  File: C:/Users/mathg/OneDrive/Bureau/Tout/Bacc UdeS/S4APP4/git/S4App4/mips32_unicycle_reference/mips32_unicycle_reference.srcs/sources_1/new/MemDonneesWideDual.vhd
Warning: mauvais alignement de l'adresse pour une ecriture large
Time: 1150 ns  Iteration: 8  Process: /mips_unicycle_tb/dut/inst_Datapath/inst_MemDonneesWide/line__64  File: C:/Users/mathg/OneDrive/Bureau/Tout/Bacc UdeS/S4APP4/git/S4App4/mips32_unicycle_reference/mips32_unicycle_reference.srcs/sources_1/new/MemDonneesWideDual.vhd
Warning: mauvais alignement de l'adresse pour une ecriture large
Time: 1160 ns  Iteration: 8  Process: /mips_unicycle_tb/dut/inst_Datapath/inst_MemDonneesWide/line__64  File: C:/Users/mathg/OneDrive/Bureau/Tout/Bacc UdeS/S4APP4/git/S4App4/mips32_unicycle_reference/mips32_unicycle_reference.srcs/sources_1/new/MemDonneesWideDual.vhd
Warning: mauvais alignement de l'adresse pour une ecriture large
Time: 1160 ns  Iteration: 9  Process: /mips_unicycle_tb/dut/inst_Datapath/inst_MemDonneesWide/line__64  File: C:/Users/mathg/OneDrive/Bureau/Tout/Bacc UdeS/S4APP4/git/S4App4/mips32_unicycle_reference/mips32_unicycle_reference.srcs/sources_1/new/MemDonneesWideDual.vhd
Warning: mauvais alignement de l'adresse pour une ecriture large
Time: 1170 ns  Iteration: 8  Process: /mips_unicycle_tb/dut/inst_Datapath/inst_MemDonneesWide/line__64  File: C:/Users/mathg/OneDrive/Bureau/Tout/Bacc UdeS/S4APP4/git/S4App4/mips32_unicycle_reference/mips32_unicycle_reference.srcs/sources_1/new/MemDonneesWideDual.vhd
Warning: mauvais alignement de l'adresse pour une ecriture large
Time: 1210 ns  Iteration: 8  Process: /mips_unicycle_tb/dut/inst_Datapath/inst_MemDonneesWide/line__64  File: C:/Users/mathg/OneDrive/Bureau/Tout/Bacc UdeS/S4APP4/git/S4App4/mips32_unicycle_reference/mips32_unicycle_reference.srcs/sources_1/new/MemDonneesWideDual.vhd
Warning: mauvais alignement de l'adresse pour une ecriture large
Time: 1210 ns  Iteration: 9  Process: /mips_unicycle_tb/dut/inst_Datapath/inst_MemDonneesWide/line__64  File: C:/Users/mathg/OneDrive/Bureau/Tout/Bacc UdeS/S4APP4/git/S4App4/mips32_unicycle_reference/mips32_unicycle_reference.srcs/sources_1/new/MemDonneesWideDual.vhd
Warning: mauvais alignement de l'adresse pour une ecriture large
Time: 1210 ns  Iteration: 10  Process: /mips_unicycle_tb/dut/inst_Datapath/inst_MemDonneesWide/line__64  File: C:/Users/mathg/OneDrive/Bureau/Tout/Bacc UdeS/S4APP4/git/S4App4/mips32_unicycle_reference/mips32_unicycle_reference.srcs/sources_1/new/MemDonneesWideDual.vhd
Warning: mauvais alignement de l'adresse pour une ecriture large
Time: 1220 ns  Iteration: 5  Process: /mips_unicycle_tb/dut/inst_Datapath/inst_MemDonneesWide/line__64  File: C:/Users/mathg/OneDrive/Bureau/Tout/Bacc UdeS/S4APP4/git/S4App4/mips32_unicycle_reference/mips32_unicycle_reference.srcs/sources_1/new/MemDonneesWideDual.vhd
Warning: mauvais alignement de l'adresse pour une ecriture large
Time: 1220 ns  Iteration: 8  Process: /mips_unicycle_tb/dut/inst_Datapath/inst_MemDonneesWide/line__64  File: C:/Users/mathg/OneDrive/Bureau/Tout/Bacc UdeS/S4APP4/git/S4App4/mips32_unicycle_reference/mips32_unicycle_reference.srcs/sources_1/new/MemDonneesWideDual.vhd
Warning: mauvais alignement de l'adresse pour une ecriture large
Time: 1230 ns  Iteration: 8  Process: /mips_unicycle_tb/dut/inst_Datapath/inst_MemDonneesWide/line__64  File: C:/Users/mathg/OneDrive/Bureau/Tout/Bacc UdeS/S4APP4/git/S4App4/mips32_unicycle_reference/mips32_unicycle_reference.srcs/sources_1/new/MemDonneesWideDual.vhd
Warning: mauvais alignement de l'adresse pour une ecriture large
Time: 1230 ns  Iteration: 9  Process: /mips_unicycle_tb/dut/inst_Datapath/inst_MemDonneesWide/line__64  File: C:/Users/mathg/OneDrive/Bureau/Tout/Bacc UdeS/S4APP4/git/S4App4/mips32_unicycle_reference/mips32_unicycle_reference.srcs/sources_1/new/MemDonneesWideDual.vhd
Warning: mauvais alignement de l'adresse pour une ecriture large
Time: 1240 ns  Iteration: 8  Process: /mips_unicycle_tb/dut/inst_Datapath/inst_MemDonneesWide/line__64  File: C:/Users/mathg/OneDrive/Bureau/Tout/Bacc UdeS/S4APP4/git/S4App4/mips32_unicycle_reference/mips32_unicycle_reference.srcs/sources_1/new/MemDonneesWideDual.vhd
Warning: mauvais alignement de l'adresse pour une ecriture large
Time: 1280 ns  Iteration: 8  Process: /mips_unicycle_tb/dut/inst_Datapath/inst_MemDonneesWide/line__64  File: C:/Users/mathg/OneDrive/Bureau/Tout/Bacc UdeS/S4APP4/git/S4App4/mips32_unicycle_reference/mips32_unicycle_reference.srcs/sources_1/new/MemDonneesWideDual.vhd
Warning: mauvais alignement de l'adresse pour une ecriture large
Time: 1280 ns  Iteration: 9  Process: /mips_unicycle_tb/dut/inst_Datapath/inst_MemDonneesWide/line__64  File: C:/Users/mathg/OneDrive/Bureau/Tout/Bacc UdeS/S4APP4/git/S4App4/mips32_unicycle_reference/mips32_unicycle_reference.srcs/sources_1/new/MemDonneesWideDual.vhd
Warning: mauvais alignement de l'adresse pour une ecriture large
Time: 1280 ns  Iteration: 10  Process: /mips_unicycle_tb/dut/inst_Datapath/inst_MemDonneesWide/line__64  File: C:/Users/mathg/OneDrive/Bureau/Tout/Bacc UdeS/S4APP4/git/S4App4/mips32_unicycle_reference/mips32_unicycle_reference.srcs/sources_1/new/MemDonneesWideDual.vhd
Warning: mauvais alignement de l'adresse pour une ecriture large
Time: 1290 ns  Iteration: 5  Process: /mips_unicycle_tb/dut/inst_Datapath/inst_MemDonneesWide/line__64  File: C:/Users/mathg/OneDrive/Bureau/Tout/Bacc UdeS/S4APP4/git/S4App4/mips32_unicycle_reference/mips32_unicycle_reference.srcs/sources_1/new/MemDonneesWideDual.vhd
Warning: mauvais alignement de l'adresse pour une ecriture large
Time: 1290 ns  Iteration: 8  Process: /mips_unicycle_tb/dut/inst_Datapath/inst_MemDonneesWide/line__64  File: C:/Users/mathg/OneDrive/Bureau/Tout/Bacc UdeS/S4APP4/git/S4App4/mips32_unicycle_reference/mips32_unicycle_reference.srcs/sources_1/new/MemDonneesWideDual.vhd
Warning: mauvais alignement de l'adresse pour une ecriture large
Time: 1300 ns  Iteration: 8  Process: /mips_unicycle_tb/dut/inst_Datapath/inst_MemDonneesWide/line__64  File: C:/Users/mathg/OneDrive/Bureau/Tout/Bacc UdeS/S4APP4/git/S4App4/mips32_unicycle_reference/mips32_unicycle_reference.srcs/sources_1/new/MemDonneesWideDual.vhd
Warning: mauvais alignement de l'adresse pour une ecriture large
Time: 1300 ns  Iteration: 9  Process: /mips_unicycle_tb/dut/inst_Datapath/inst_MemDonneesWide/line__64  File: C:/Users/mathg/OneDrive/Bureau/Tout/Bacc UdeS/S4APP4/git/S4App4/mips32_unicycle_reference/mips32_unicycle_reference.srcs/sources_1/new/MemDonneesWideDual.vhd
Warning: mauvais alignement de l'adresse pour une ecriture large
Time: 1310 ns  Iteration: 8  Process: /mips_unicycle_tb/dut/inst_Datapath/inst_MemDonneesWide/line__64  File: C:/Users/mathg/OneDrive/Bureau/Tout/Bacc UdeS/S4APP4/git/S4App4/mips32_unicycle_reference/mips32_unicycle_reference.srcs/sources_1/new/MemDonneesWideDual.vhd
Warning: mauvais alignement de l'adresse pour une ecriture large
Time: 1350 ns  Iteration: 8  Process: /mips_unicycle_tb/dut/inst_Datapath/inst_MemDonneesWide/line__64  File: C:/Users/mathg/OneDrive/Bureau/Tout/Bacc UdeS/S4APP4/git/S4App4/mips32_unicycle_reference/mips32_unicycle_reference.srcs/sources_1/new/MemDonneesWideDual.vhd
Warning: mauvais alignement de l'adresse pour une ecriture large
Time: 1350 ns  Iteration: 9  Process: /mips_unicycle_tb/dut/inst_Datapath/inst_MemDonneesWide/line__64  File: C:/Users/mathg/OneDrive/Bureau/Tout/Bacc UdeS/S4APP4/git/S4App4/mips32_unicycle_reference/mips32_unicycle_reference.srcs/sources_1/new/MemDonneesWideDual.vhd
Warning: mauvais alignement de l'adresse pour une ecriture large
Time: 1350 ns  Iteration: 10  Process: /mips_unicycle_tb/dut/inst_Datapath/inst_MemDonneesWide/line__64  File: C:/Users/mathg/OneDrive/Bureau/Tout/Bacc UdeS/S4APP4/git/S4App4/mips32_unicycle_reference/mips32_unicycle_reference.srcs/sources_1/new/MemDonneesWideDual.vhd
Warning: mauvais alignement de l'adresse pour une ecriture large
Time: 1360 ns  Iteration: 5  Process: /mips_unicycle_tb/dut/inst_Datapath/inst_MemDonneesWide/line__64  File: C:/Users/mathg/OneDrive/Bureau/Tout/Bacc UdeS/S4APP4/git/S4App4/mips32_unicycle_reference/mips32_unicycle_reference.srcs/sources_1/new/MemDonneesWideDual.vhd
Warning: mauvais alignement de l'adresse pour une ecriture large
Time: 1360 ns  Iteration: 8  Process: /mips_unicycle_tb/dut/inst_Datapath/inst_MemDonneesWide/line__64  File: C:/Users/mathg/OneDrive/Bureau/Tout/Bacc UdeS/S4APP4/git/S4App4/mips32_unicycle_reference/mips32_unicycle_reference.srcs/sources_1/new/MemDonneesWideDual.vhd
Warning: mauvais alignement de l'adresse pour une ecriture large
Time: 1370 ns  Iteration: 8  Process: /mips_unicycle_tb/dut/inst_Datapath/inst_MemDonneesWide/line__64  File: C:/Users/mathg/OneDrive/Bureau/Tout/Bacc UdeS/S4APP4/git/S4App4/mips32_unicycle_reference/mips32_unicycle_reference.srcs/sources_1/new/MemDonneesWideDual.vhd
Warning: mauvais alignement de l'adresse pour une ecriture large
Time: 1370 ns  Iteration: 9  Process: /mips_unicycle_tb/dut/inst_Datapath/inst_MemDonneesWide/line__64  File: C:/Users/mathg/OneDrive/Bureau/Tout/Bacc UdeS/S4APP4/git/S4App4/mips32_unicycle_reference/mips32_unicycle_reference.srcs/sources_1/new/MemDonneesWideDual.vhd
Warning: mauvais alignement de l'adresse pour une ecriture large
Time: 1380 ns  Iteration: 8  Process: /mips_unicycle_tb/dut/inst_Datapath/inst_MemDonneesWide/line__64  File: C:/Users/mathg/OneDrive/Bureau/Tout/Bacc UdeS/S4APP4/git/S4App4/mips32_unicycle_reference/mips32_unicycle_reference.srcs/sources_1/new/MemDonneesWideDual.vhd
Warning: mauvais alignement de l'adresse pour une ecriture large
Time: 1420 ns  Iteration: 8  Process: /mips_unicycle_tb/dut/inst_Datapath/inst_MemDonneesWide/line__64  File: C:/Users/mathg/OneDrive/Bureau/Tout/Bacc UdeS/S4APP4/git/S4App4/mips32_unicycle_reference/mips32_unicycle_reference.srcs/sources_1/new/MemDonneesWideDual.vhd
Warning: mauvais alignement de l'adresse pour une ecriture large
Time: 1420 ns  Iteration: 9  Process: /mips_unicycle_tb/dut/inst_Datapath/inst_MemDonneesWide/line__64  File: C:/Users/mathg/OneDrive/Bureau/Tout/Bacc UdeS/S4APP4/git/S4App4/mips32_unicycle_reference/mips32_unicycle_reference.srcs/sources_1/new/MemDonneesWideDual.vhd
Warning: mauvais alignement de l'adresse pour une ecriture large
Time: 1420 ns  Iteration: 10  Process: /mips_unicycle_tb/dut/inst_Datapath/inst_MemDonneesWide/line__64  File: C:/Users/mathg/OneDrive/Bureau/Tout/Bacc UdeS/S4APP4/git/S4App4/mips32_unicycle_reference/mips32_unicycle_reference.srcs/sources_1/new/MemDonneesWideDual.vhd
Warning: mauvais alignement de l'adresse pour une ecriture large
Time: 1430 ns  Iteration: 5  Process: /mips_unicycle_tb/dut/inst_Datapath/inst_MemDonneesWide/line__64  File: C:/Users/mathg/OneDrive/Bureau/Tout/Bacc UdeS/S4APP4/git/S4App4/mips32_unicycle_reference/mips32_unicycle_reference.srcs/sources_1/new/MemDonneesWideDual.vhd
Warning: mauvais alignement de l'adresse pour une ecriture large
Time: 1430 ns  Iteration: 8  Process: /mips_unicycle_tb/dut/inst_Datapath/inst_MemDonneesWide/line__64  File: C:/Users/mathg/OneDrive/Bureau/Tout/Bacc UdeS/S4APP4/git/S4App4/mips32_unicycle_reference/mips32_unicycle_reference.srcs/sources_1/new/MemDonneesWideDual.vhd
Warning: mauvais alignement de l'adresse pour une ecriture large
Time: 1440 ns  Iteration: 8  Process: /mips_unicycle_tb/dut/inst_Datapath/inst_MemDonneesWide/line__64  File: C:/Users/mathg/OneDrive/Bureau/Tout/Bacc UdeS/S4APP4/git/S4App4/mips32_unicycle_reference/mips32_unicycle_reference.srcs/sources_1/new/MemDonneesWideDual.vhd
Warning: mauvais alignement de l'adresse pour une ecriture large
Time: 1440 ns  Iteration: 9  Process: /mips_unicycle_tb/dut/inst_Datapath/inst_MemDonneesWide/line__64  File: C:/Users/mathg/OneDrive/Bureau/Tout/Bacc UdeS/S4APP4/git/S4App4/mips32_unicycle_reference/mips32_unicycle_reference.srcs/sources_1/new/MemDonneesWideDual.vhd
Warning: mauvais alignement de l'adresse pour une ecriture large
Time: 1450 ns  Iteration: 8  Process: /mips_unicycle_tb/dut/inst_Datapath/inst_MemDonneesWide/line__64  File: C:/Users/mathg/OneDrive/Bureau/Tout/Bacc UdeS/S4APP4/git/S4App4/mips32_unicycle_reference/mips32_unicycle_reference.srcs/sources_1/new/MemDonneesWideDual.vhd
Warning: mauvais alignement de l'adresse pour une ecriture large
Time: 1490 ns  Iteration: 8  Process: /mips_unicycle_tb/dut/inst_Datapath/inst_MemDonneesWide/line__64  File: C:/Users/mathg/OneDrive/Bureau/Tout/Bacc UdeS/S4APP4/git/S4App4/mips32_unicycle_reference/mips32_unicycle_reference.srcs/sources_1/new/MemDonneesWideDual.vhd
Warning: mauvais alignement de l'adresse pour une ecriture large
Time: 1490 ns  Iteration: 9  Process: /mips_unicycle_tb/dut/inst_Datapath/inst_MemDonneesWide/line__64  File: C:/Users/mathg/OneDrive/Bureau/Tout/Bacc UdeS/S4APP4/git/S4App4/mips32_unicycle_reference/mips32_unicycle_reference.srcs/sources_1/new/MemDonneesWideDual.vhd
Warning: mauvais alignement de l'adresse pour une ecriture large
Time: 1490 ns  Iteration: 10  Process: /mips_unicycle_tb/dut/inst_Datapath/inst_MemDonneesWide/line__64  File: C:/Users/mathg/OneDrive/Bureau/Tout/Bacc UdeS/S4APP4/git/S4App4/mips32_unicycle_reference/mips32_unicycle_reference.srcs/sources_1/new/MemDonneesWideDual.vhd
Warning: mauvais alignement de l'adresse pour une ecriture large
Time: 1500 ns  Iteration: 5  Process: /mips_unicycle_tb/dut/inst_Datapath/inst_MemDonneesWide/line__64  File: C:/Users/mathg/OneDrive/Bureau/Tout/Bacc UdeS/S4APP4/git/S4App4/mips32_unicycle_reference/mips32_unicycle_reference.srcs/sources_1/new/MemDonneesWideDual.vhd
Warning: mauvais alignement de l'adresse pour une ecriture large
Time: 1500 ns  Iteration: 8  Process: /mips_unicycle_tb/dut/inst_Datapath/inst_MemDonneesWide/line__64  File: C:/Users/mathg/OneDrive/Bureau/Tout/Bacc UdeS/S4APP4/git/S4App4/mips32_unicycle_reference/mips32_unicycle_reference.srcs/sources_1/new/MemDonneesWideDual.vhd
Warning: mauvais alignement de l'adresse pour une ecriture large
Time: 1510 ns  Iteration: 8  Process: /mips_unicycle_tb/dut/inst_Datapath/inst_MemDonneesWide/line__64  File: C:/Users/mathg/OneDrive/Bureau/Tout/Bacc UdeS/S4APP4/git/S4App4/mips32_unicycle_reference/mips32_unicycle_reference.srcs/sources_1/new/MemDonneesWideDual.vhd
Warning: mauvais alignement de l'adresse pour une ecriture large
Time: 1510 ns  Iteration: 9  Process: /mips_unicycle_tb/dut/inst_Datapath/inst_MemDonneesWide/line__64  File: C:/Users/mathg/OneDrive/Bureau/Tout/Bacc UdeS/S4APP4/git/S4App4/mips32_unicycle_reference/mips32_unicycle_reference.srcs/sources_1/new/MemDonneesWideDual.vhd
Warning: mauvais alignement de l'adresse pour une ecriture large
Time: 1520 ns  Iteration: 8  Process: /mips_unicycle_tb/dut/inst_Datapath/inst_MemDonneesWide/line__64  File: C:/Users/mathg/OneDrive/Bureau/Tout/Bacc UdeS/S4APP4/git/S4App4/mips32_unicycle_reference/mips32_unicycle_reference.srcs/sources_1/new/MemDonneesWideDual.vhd
Warning: mauvais alignement de l'adresse pour une ecriture large
Time: 1560 ns  Iteration: 8  Process: /mips_unicycle_tb/dut/inst_Datapath/inst_MemDonneesWide/line__64  File: C:/Users/mathg/OneDrive/Bureau/Tout/Bacc UdeS/S4APP4/git/S4App4/mips32_unicycle_reference/mips32_unicycle_reference.srcs/sources_1/new/MemDonneesWideDual.vhd
Warning: mauvais alignement de l'adresse pour une ecriture large
Time: 1560 ns  Iteration: 9  Process: /mips_unicycle_tb/dut/inst_Datapath/inst_MemDonneesWide/line__64  File: C:/Users/mathg/OneDrive/Bureau/Tout/Bacc UdeS/S4APP4/git/S4App4/mips32_unicycle_reference/mips32_unicycle_reference.srcs/sources_1/new/MemDonneesWideDual.vhd
Warning: mauvais alignement de l'adresse pour une ecriture large
Time: 1560 ns  Iteration: 10  Process: /mips_unicycle_tb/dut/inst_Datapath/inst_MemDonneesWide/line__64  File: C:/Users/mathg/OneDrive/Bureau/Tout/Bacc UdeS/S4APP4/git/S4App4/mips32_unicycle_reference/mips32_unicycle_reference.srcs/sources_1/new/MemDonneesWideDual.vhd
Warning: mauvais alignement de l'adresse pour une ecriture large
Time: 1570 ns  Iteration: 5  Process: /mips_unicycle_tb/dut/inst_Datapath/inst_MemDonneesWide/line__64  File: C:/Users/mathg/OneDrive/Bureau/Tout/Bacc UdeS/S4APP4/git/S4App4/mips32_unicycle_reference/mips32_unicycle_reference.srcs/sources_1/new/MemDonneesWideDual.vhd
Warning: mauvais alignement de l'adresse pour une ecriture large
Time: 1570 ns  Iteration: 8  Process: /mips_unicycle_tb/dut/inst_Datapath/inst_MemDonneesWide/line__64  File: C:/Users/mathg/OneDrive/Bureau/Tout/Bacc UdeS/S4APP4/git/S4App4/mips32_unicycle_reference/mips32_unicycle_reference.srcs/sources_1/new/MemDonneesWideDual.vhd
Warning: mauvais alignement de l'adresse pour une ecriture large
Time: 1580 ns  Iteration: 8  Process: /mips_unicycle_tb/dut/inst_Datapath/inst_MemDonneesWide/line__64  File: C:/Users/mathg/OneDrive/Bureau/Tout/Bacc UdeS/S4APP4/git/S4App4/mips32_unicycle_reference/mips32_unicycle_reference.srcs/sources_1/new/MemDonneesWideDual.vhd
Warning: mauvais alignement de l'adresse pour une ecriture large
Time: 1580 ns  Iteration: 9  Process: /mips_unicycle_tb/dut/inst_Datapath/inst_MemDonneesWide/line__64  File: C:/Users/mathg/OneDrive/Bureau/Tout/Bacc UdeS/S4APP4/git/S4App4/mips32_unicycle_reference/mips32_unicycle_reference.srcs/sources_1/new/MemDonneesWideDual.vhd
Warning: mauvais alignement de l'adresse pour une ecriture large
Time: 1590 ns  Iteration: 8  Process: /mips_unicycle_tb/dut/inst_Datapath/inst_MemDonneesWide/line__64  File: C:/Users/mathg/OneDrive/Bureau/Tout/Bacc UdeS/S4APP4/git/S4App4/mips32_unicycle_reference/mips32_unicycle_reference.srcs/sources_1/new/MemDonneesWideDual.vhd
Warning: mauvais alignement de l'adresse pour une ecriture large
Time: 1630 ns  Iteration: 8  Process: /mips_unicycle_tb/dut/inst_Datapath/inst_MemDonneesWide/line__64  File: C:/Users/mathg/OneDrive/Bureau/Tout/Bacc UdeS/S4APP4/git/S4App4/mips32_unicycle_reference/mips32_unicycle_reference.srcs/sources_1/new/MemDonneesWideDual.vhd
Warning: mauvais alignement de l'adresse pour une ecriture large
Time: 1630 ns  Iteration: 9  Process: /mips_unicycle_tb/dut/inst_Datapath/inst_MemDonneesWide/line__64  File: C:/Users/mathg/OneDrive/Bureau/Tout/Bacc UdeS/S4APP4/git/S4App4/mips32_unicycle_reference/mips32_unicycle_reference.srcs/sources_1/new/MemDonneesWideDual.vhd
Warning: mauvais alignement de l'adresse pour une ecriture large
Time: 1630 ns  Iteration: 10  Process: /mips_unicycle_tb/dut/inst_Datapath/inst_MemDonneesWide/line__64  File: C:/Users/mathg/OneDrive/Bureau/Tout/Bacc UdeS/S4APP4/git/S4App4/mips32_unicycle_reference/mips32_unicycle_reference.srcs/sources_1/new/MemDonneesWideDual.vhd
Warning: mauvais alignement de l'adresse pour une ecriture large
Time: 1640 ns  Iteration: 5  Process: /mips_unicycle_tb/dut/inst_Datapath/inst_MemDonneesWide/line__64  File: C:/Users/mathg/OneDrive/Bureau/Tout/Bacc UdeS/S4APP4/git/S4App4/mips32_unicycle_reference/mips32_unicycle_reference.srcs/sources_1/new/MemDonneesWideDual.vhd
Warning: mauvais alignement de l'adresse pour une ecriture large
Time: 1640 ns  Iteration: 8  Process: /mips_unicycle_tb/dut/inst_Datapath/inst_MemDonneesWide/line__64  File: C:/Users/mathg/OneDrive/Bureau/Tout/Bacc UdeS/S4APP4/git/S4App4/mips32_unicycle_reference/mips32_unicycle_reference.srcs/sources_1/new/MemDonneesWideDual.vhd
Warning: mauvais alignement de l'adresse pour une ecriture large
Time: 1650 ns  Iteration: 9  Process: /mips_unicycle_tb/dut/inst_Datapath/inst_MemDonneesWide/line__64  File: C:/Users/mathg/OneDrive/Bureau/Tout/Bacc UdeS/S4APP4/git/S4App4/mips32_unicycle_reference/mips32_unicycle_reference.srcs/sources_1/new/MemDonneesWideDual.vhd
Warning: mauvais alignement de l'adresse pour une ecriture large
Time: 1660 ns  Iteration: 8  Process: /mips_unicycle_tb/dut/inst_Datapath/inst_MemDonneesWide/line__64  File: C:/Users/mathg/OneDrive/Bureau/Tout/Bacc UdeS/S4APP4/git/S4App4/mips32_unicycle_reference/mips32_unicycle_reference.srcs/sources_1/new/MemDonneesWideDual.vhd
Warning: mauvais alignement de l'adresse pour une ecriture large
Time: 1700 ns  Iteration: 8  Process: /mips_unicycle_tb/dut/inst_Datapath/inst_MemDonneesWide/line__64  File: C:/Users/mathg/OneDrive/Bureau/Tout/Bacc UdeS/S4APP4/git/S4App4/mips32_unicycle_reference/mips32_unicycle_reference.srcs/sources_1/new/MemDonneesWideDual.vhd
Warning: mauvais alignement de l'adresse pour une ecriture large
Time: 1700 ns  Iteration: 9  Process: /mips_unicycle_tb/dut/inst_Datapath/inst_MemDonneesWide/line__64  File: C:/Users/mathg/OneDrive/Bureau/Tout/Bacc UdeS/S4APP4/git/S4App4/mips32_unicycle_reference/mips32_unicycle_reference.srcs/sources_1/new/MemDonneesWideDual.vhd
Warning: mauvais alignement de l'adresse pour une ecriture large
Time: 1700 ns  Iteration: 10  Process: /mips_unicycle_tb/dut/inst_Datapath/inst_MemDonneesWide/line__64  File: C:/Users/mathg/OneDrive/Bureau/Tout/Bacc UdeS/S4APP4/git/S4App4/mips32_unicycle_reference/mips32_unicycle_reference.srcs/sources_1/new/MemDonneesWideDual.vhd
Warning: mauvais alignement de l'adresse pour une ecriture large
Time: 1710 ns  Iteration: 5  Process: /mips_unicycle_tb/dut/inst_Datapath/inst_MemDonneesWide/line__64  File: C:/Users/mathg/OneDrive/Bureau/Tout/Bacc UdeS/S4APP4/git/S4App4/mips32_unicycle_reference/mips32_unicycle_reference.srcs/sources_1/new/MemDonneesWideDual.vhd
Warning: mauvais alignement de l'adresse pour une ecriture large
Time: 1710 ns  Iteration: 8  Process: /mips_unicycle_tb/dut/inst_Datapath/inst_MemDonneesWide/line__64  File: C:/Users/mathg/OneDrive/Bureau/Tout/Bacc UdeS/S4APP4/git/S4App4/mips32_unicycle_reference/mips32_unicycle_reference.srcs/sources_1/new/MemDonneesWideDual.vhd
Warning: mauvais alignement de l'adresse pour une ecriture large
Time: 1720 ns  Iteration: 8  Process: /mips_unicycle_tb/dut/inst_Datapath/inst_MemDonneesWide/line__64  File: C:/Users/mathg/OneDrive/Bureau/Tout/Bacc UdeS/S4APP4/git/S4App4/mips32_unicycle_reference/mips32_unicycle_reference.srcs/sources_1/new/MemDonneesWideDual.vhd
Warning: mauvais alignement de l'adresse pour une ecriture large
Time: 1720 ns  Iteration: 9  Process: /mips_unicycle_tb/dut/inst_Datapath/inst_MemDonneesWide/line__64  File: C:/Users/mathg/OneDrive/Bureau/Tout/Bacc UdeS/S4APP4/git/S4App4/mips32_unicycle_reference/mips32_unicycle_reference.srcs/sources_1/new/MemDonneesWideDual.vhd
Warning: mauvais alignement de l'adresse pour une ecriture large
Time: 1730 ns  Iteration: 8  Process: /mips_unicycle_tb/dut/inst_Datapath/inst_MemDonneesWide/line__64  File: C:/Users/mathg/OneDrive/Bureau/Tout/Bacc UdeS/S4APP4/git/S4App4/mips32_unicycle_reference/mips32_unicycle_reference.srcs/sources_1/new/MemDonneesWideDual.vhd
Warning: mauvais alignement de l'adresse pour une ecriture large
Time: 1770 ns  Iteration: 8  Process: /mips_unicycle_tb/dut/inst_Datapath/inst_MemDonneesWide/line__64  File: C:/Users/mathg/OneDrive/Bureau/Tout/Bacc UdeS/S4APP4/git/S4App4/mips32_unicycle_reference/mips32_unicycle_reference.srcs/sources_1/new/MemDonneesWideDual.vhd
Warning: mauvais alignement de l'adresse pour une ecriture large
Time: 1770 ns  Iteration: 9  Process: /mips_unicycle_tb/dut/inst_Datapath/inst_MemDonneesWide/line__64  File: C:/Users/mathg/OneDrive/Bureau/Tout/Bacc UdeS/S4APP4/git/S4App4/mips32_unicycle_reference/mips32_unicycle_reference.srcs/sources_1/new/MemDonneesWideDual.vhd
Warning: mauvais alignement de l'adresse pour une ecriture large
Time: 1770 ns  Iteration: 10  Process: /mips_unicycle_tb/dut/inst_Datapath/inst_MemDonneesWide/line__64  File: C:/Users/mathg/OneDrive/Bureau/Tout/Bacc UdeS/S4APP4/git/S4App4/mips32_unicycle_reference/mips32_unicycle_reference.srcs/sources_1/new/MemDonneesWideDual.vhd
Warning: mauvais alignement de l'adresse pour une ecriture large
Time: 1780 ns  Iteration: 5  Process: /mips_unicycle_tb/dut/inst_Datapath/inst_MemDonneesWide/line__64  File: C:/Users/mathg/OneDrive/Bureau/Tout/Bacc UdeS/S4APP4/git/S4App4/mips32_unicycle_reference/mips32_unicycle_reference.srcs/sources_1/new/MemDonneesWideDual.vhd
Warning: mauvais alignement de l'adresse pour une ecriture large
Time: 1780 ns  Iteration: 8  Process: /mips_unicycle_tb/dut/inst_Datapath/inst_MemDonneesWide/line__64  File: C:/Users/mathg/OneDrive/Bureau/Tout/Bacc UdeS/S4APP4/git/S4App4/mips32_unicycle_reference/mips32_unicycle_reference.srcs/sources_1/new/MemDonneesWideDual.vhd
Warning: mauvais alignement de l'adresse pour une ecriture large
Time: 1790 ns  Iteration: 8  Process: /mips_unicycle_tb/dut/inst_Datapath/inst_MemDonneesWide/line__64  File: C:/Users/mathg/OneDrive/Bureau/Tout/Bacc UdeS/S4APP4/git/S4App4/mips32_unicycle_reference/mips32_unicycle_reference.srcs/sources_1/new/MemDonneesWideDual.vhd
Warning: mauvais alignement de l'adresse pour une ecriture large
Time: 1790 ns  Iteration: 9  Process: /mips_unicycle_tb/dut/inst_Datapath/inst_MemDonneesWide/line__64  File: C:/Users/mathg/OneDrive/Bureau/Tout/Bacc UdeS/S4APP4/git/S4App4/mips32_unicycle_reference/mips32_unicycle_reference.srcs/sources_1/new/MemDonneesWideDual.vhd
Warning: mauvais alignement de l'adresse pour une ecriture large
Time: 1800 ns  Iteration: 8  Process: /mips_unicycle_tb/dut/inst_Datapath/inst_MemDonneesWide/line__64  File: C:/Users/mathg/OneDrive/Bureau/Tout/Bacc UdeS/S4APP4/git/S4App4/mips32_unicycle_reference/mips32_unicycle_reference.srcs/sources_1/new/MemDonneesWideDual.vhd
Warning: mauvais alignement de l'adresse pour une ecriture large
Time: 1840 ns  Iteration: 8  Process: /mips_unicycle_tb/dut/inst_Datapath/inst_MemDonneesWide/line__64  File: C:/Users/mathg/OneDrive/Bureau/Tout/Bacc UdeS/S4APP4/git/S4App4/mips32_unicycle_reference/mips32_unicycle_reference.srcs/sources_1/new/MemDonneesWideDual.vhd
Warning: mauvais alignement de l'adresse pour une ecriture large
Time: 1840 ns  Iteration: 9  Process: /mips_unicycle_tb/dut/inst_Datapath/inst_MemDonneesWide/line__64  File: C:/Users/mathg/OneDrive/Bureau/Tout/Bacc UdeS/S4APP4/git/S4App4/mips32_unicycle_reference/mips32_unicycle_reference.srcs/sources_1/new/MemDonneesWideDual.vhd
Warning: mauvais alignement de l'adresse pour une ecriture large
Time: 1840 ns  Iteration: 10  Process: /mips_unicycle_tb/dut/inst_Datapath/inst_MemDonneesWide/line__64  File: C:/Users/mathg/OneDrive/Bureau/Tout/Bacc UdeS/S4APP4/git/S4App4/mips32_unicycle_reference/mips32_unicycle_reference.srcs/sources_1/new/MemDonneesWideDual.vhd
Warning: mauvais alignement de l'adresse pour une ecriture large
Time: 1850 ns  Iteration: 5  Process: /mips_unicycle_tb/dut/inst_Datapath/inst_MemDonneesWide/line__64  File: C:/Users/mathg/OneDrive/Bureau/Tout/Bacc UdeS/S4APP4/git/S4App4/mips32_unicycle_reference/mips32_unicycle_reference.srcs/sources_1/new/MemDonneesWideDual.vhd
Warning: mauvais alignement de l'adresse pour une ecriture large
Time: 1850 ns  Iteration: 8  Process: /mips_unicycle_tb/dut/inst_Datapath/inst_MemDonneesWide/line__64  File: C:/Users/mathg/OneDrive/Bureau/Tout/Bacc UdeS/S4APP4/git/S4App4/mips32_unicycle_reference/mips32_unicycle_reference.srcs/sources_1/new/MemDonneesWideDual.vhd
Warning: mauvais alignement de l'adresse pour une ecriture large
Time: 1860 ns  Iteration: 8  Process: /mips_unicycle_tb/dut/inst_Datapath/inst_MemDonneesWide/line__64  File: C:/Users/mathg/OneDrive/Bureau/Tout/Bacc UdeS/S4APP4/git/S4App4/mips32_unicycle_reference/mips32_unicycle_reference.srcs/sources_1/new/MemDonneesWideDual.vhd
Warning: mauvais alignement de l'adresse pour une ecriture large
Time: 1860 ns  Iteration: 9  Process: /mips_unicycle_tb/dut/inst_Datapath/inst_MemDonneesWide/line__64  File: C:/Users/mathg/OneDrive/Bureau/Tout/Bacc UdeS/S4APP4/git/S4App4/mips32_unicycle_reference/mips32_unicycle_reference.srcs/sources_1/new/MemDonneesWideDual.vhd
Warning: mauvais alignement de l'adresse pour une ecriture large
Time: 1870 ns  Iteration: 8  Process: /mips_unicycle_tb/dut/inst_Datapath/inst_MemDonneesWide/line__64  File: C:/Users/mathg/OneDrive/Bureau/Tout/Bacc UdeS/S4APP4/git/S4App4/mips32_unicycle_reference/mips32_unicycle_reference.srcs/sources_1/new/MemDonneesWideDual.vhd
Warning: mauvais alignement de l'adresse pour une ecriture large
Time: 1910 ns  Iteration: 8  Process: /mips_unicycle_tb/dut/inst_Datapath/inst_MemDonneesWide/line__64  File: C:/Users/mathg/OneDrive/Bureau/Tout/Bacc UdeS/S4APP4/git/S4App4/mips32_unicycle_reference/mips32_unicycle_reference.srcs/sources_1/new/MemDonneesWideDual.vhd
Warning: mauvais alignement de l'adresse pour une ecriture large
Time: 1910 ns  Iteration: 9  Process: /mips_unicycle_tb/dut/inst_Datapath/inst_MemDonneesWide/line__64  File: C:/Users/mathg/OneDrive/Bureau/Tout/Bacc UdeS/S4APP4/git/S4App4/mips32_unicycle_reference/mips32_unicycle_reference.srcs/sources_1/new/MemDonneesWideDual.vhd
Warning: mauvais alignement de l'adresse pour une ecriture large
Time: 1910 ns  Iteration: 10  Process: /mips_unicycle_tb/dut/inst_Datapath/inst_MemDonneesWide/line__64  File: C:/Users/mathg/OneDrive/Bureau/Tout/Bacc UdeS/S4APP4/git/S4App4/mips32_unicycle_reference/mips32_unicycle_reference.srcs/sources_1/new/MemDonneesWideDual.vhd
Warning: mauvais alignement de l'adresse pour une ecriture large
Time: 1920 ns  Iteration: 5  Process: /mips_unicycle_tb/dut/inst_Datapath/inst_MemDonneesWide/line__64  File: C:/Users/mathg/OneDrive/Bureau/Tout/Bacc UdeS/S4APP4/git/S4App4/mips32_unicycle_reference/mips32_unicycle_reference.srcs/sources_1/new/MemDonneesWideDual.vhd
Warning: mauvais alignement de l'adresse pour une ecriture large
Time: 1920 ns  Iteration: 8  Process: /mips_unicycle_tb/dut/inst_Datapath/inst_MemDonneesWide/line__64  File: C:/Users/mathg/OneDrive/Bureau/Tout/Bacc UdeS/S4APP4/git/S4App4/mips32_unicycle_reference/mips32_unicycle_reference.srcs/sources_1/new/MemDonneesWideDual.vhd
Warning: mauvais alignement de l'adresse pour une ecriture large
Time: 1930 ns  Iteration: 8  Process: /mips_unicycle_tb/dut/inst_Datapath/inst_MemDonneesWide/line__64  File: C:/Users/mathg/OneDrive/Bureau/Tout/Bacc UdeS/S4APP4/git/S4App4/mips32_unicycle_reference/mips32_unicycle_reference.srcs/sources_1/new/MemDonneesWideDual.vhd
Warning: mauvais alignement de l'adresse pour une ecriture large
Time: 1930 ns  Iteration: 9  Process: /mips_unicycle_tb/dut/inst_Datapath/inst_MemDonneesWide/line__64  File: C:/Users/mathg/OneDrive/Bureau/Tout/Bacc UdeS/S4APP4/git/S4App4/mips32_unicycle_reference/mips32_unicycle_reference.srcs/sources_1/new/MemDonneesWideDual.vhd
Warning: mauvais alignement de l'adresse pour une ecriture large
Time: 1940 ns  Iteration: 8  Process: /mips_unicycle_tb/dut/inst_Datapath/inst_MemDonneesWide/line__64  File: C:/Users/mathg/OneDrive/Bureau/Tout/Bacc UdeS/S4APP4/git/S4App4/mips32_unicycle_reference/mips32_unicycle_reference.srcs/sources_1/new/MemDonneesWideDual.vhd
Warning: mauvais alignement de l'adresse pour une ecriture large
Time: 1980 ns  Iteration: 8  Process: /mips_unicycle_tb/dut/inst_Datapath/inst_MemDonneesWide/line__64  File: C:/Users/mathg/OneDrive/Bureau/Tout/Bacc UdeS/S4APP4/git/S4App4/mips32_unicycle_reference/mips32_unicycle_reference.srcs/sources_1/new/MemDonneesWideDual.vhd
Warning: mauvais alignement de l'adresse pour une ecriture large
Time: 1980 ns  Iteration: 9  Process: /mips_unicycle_tb/dut/inst_Datapath/inst_MemDonneesWide/line__64  File: C:/Users/mathg/OneDrive/Bureau/Tout/Bacc UdeS/S4APP4/git/S4App4/mips32_unicycle_reference/mips32_unicycle_reference.srcs/sources_1/new/MemDonneesWideDual.vhd
Warning: mauvais alignement de l'adresse pour une ecriture large
Time: 1980 ns  Iteration: 10  Process: /mips_unicycle_tb/dut/inst_Datapath/inst_MemDonneesWide/line__64  File: C:/Users/mathg/OneDrive/Bureau/Tout/Bacc UdeS/S4APP4/git/S4App4/mips32_unicycle_reference/mips32_unicycle_reference.srcs/sources_1/new/MemDonneesWideDual.vhd
Warning: mauvais alignement de l'adresse pour une ecriture large
Time: 1990 ns  Iteration: 5  Process: /mips_unicycle_tb/dut/inst_Datapath/inst_MemDonneesWide/line__64  File: C:/Users/mathg/OneDrive/Bureau/Tout/Bacc UdeS/S4APP4/git/S4App4/mips32_unicycle_reference/mips32_unicycle_reference.srcs/sources_1/new/MemDonneesWideDual.vhd
Warning: mauvais alignement de l'adresse pour une ecriture large
Time: 1990 ns  Iteration: 8  Process: /mips_unicycle_tb/dut/inst_Datapath/inst_MemDonneesWide/line__64  File: C:/Users/mathg/OneDrive/Bureau/Tout/Bacc UdeS/S4APP4/git/S4App4/mips32_unicycle_reference/mips32_unicycle_reference.srcs/sources_1/new/MemDonneesWideDual.vhd
Warning: mauvais alignement de l'adresse pour une ecriture large
Time: 2 us  Iteration: 8  Process: /mips_unicycle_tb/dut/inst_Datapath/inst_MemDonneesWide/line__64  File: C:/Users/mathg/OneDrive/Bureau/Tout/Bacc UdeS/S4APP4/git/S4App4/mips32_unicycle_reference/mips32_unicycle_reference.srcs/sources_1/new/MemDonneesWideDual.vhd
Warning: mauvais alignement de l'adresse pour une ecriture large
Time: 2 us  Iteration: 9  Process: /mips_unicycle_tb/dut/inst_Datapath/inst_MemDonneesWide/line__64  File: C:/Users/mathg/OneDrive/Bureau/Tout/Bacc UdeS/S4APP4/git/S4App4/mips32_unicycle_reference/mips32_unicycle_reference.srcs/sources_1/new/MemDonneesWideDual.vhd
Warning: mauvais alignement de l'adresse pour une ecriture large
Time: 2010 ns  Iteration: 8  Process: /mips_unicycle_tb/dut/inst_Datapath/inst_MemDonneesWide/line__64  File: C:/Users/mathg/OneDrive/Bureau/Tout/Bacc UdeS/S4APP4/git/S4App4/mips32_unicycle_reference/mips32_unicycle_reference.srcs/sources_1/new/MemDonneesWideDual.vhd
Warning: mauvais alignement de l'adresse pour une ecriture large
Time: 2050 ns  Iteration: 8  Process: /mips_unicycle_tb/dut/inst_Datapath/inst_MemDonneesWide/line__64  File: C:/Users/mathg/OneDrive/Bureau/Tout/Bacc UdeS/S4APP4/git/S4App4/mips32_unicycle_reference/mips32_unicycle_reference.srcs/sources_1/new/MemDonneesWideDual.vhd
Warning: mauvais alignement de l'adresse pour une ecriture large
Time: 2050 ns  Iteration: 9  Process: /mips_unicycle_tb/dut/inst_Datapath/inst_MemDonneesWide/line__64  File: C:/Users/mathg/OneDrive/Bureau/Tout/Bacc UdeS/S4APP4/git/S4App4/mips32_unicycle_reference/mips32_unicycle_reference.srcs/sources_1/new/MemDonneesWideDual.vhd
Warning: mauvais alignement de l'adresse pour une ecriture large
Time: 2050 ns  Iteration: 10  Process: /mips_unicycle_tb/dut/inst_Datapath/inst_MemDonneesWide/line__64  File: C:/Users/mathg/OneDrive/Bureau/Tout/Bacc UdeS/S4APP4/git/S4App4/mips32_unicycle_reference/mips32_unicycle_reference.srcs/sources_1/new/MemDonneesWideDual.vhd
Warning: mauvais alignement de l'adresse pour une ecriture large
Time: 2060 ns  Iteration: 5  Process: /mips_unicycle_tb/dut/inst_Datapath/inst_MemDonneesWide/line__64  File: C:/Users/mathg/OneDrive/Bureau/Tout/Bacc UdeS/S4APP4/git/S4App4/mips32_unicycle_reference/mips32_unicycle_reference.srcs/sources_1/new/MemDonneesWideDual.vhd
Warning: mauvais alignement de l'adresse pour une ecriture large
Time: 2060 ns  Iteration: 8  Process: /mips_unicycle_tb/dut/inst_Datapath/inst_MemDonneesWide/line__64  File: C:/Users/mathg/OneDrive/Bureau/Tout/Bacc UdeS/S4APP4/git/S4App4/mips32_unicycle_reference/mips32_unicycle_reference.srcs/sources_1/new/MemDonneesWideDual.vhd
Warning: mauvais alignement de l'adresse pour une ecriture large
Time: 2070 ns  Iteration: 8  Process: /mips_unicycle_tb/dut/inst_Datapath/inst_MemDonneesWide/line__64  File: C:/Users/mathg/OneDrive/Bureau/Tout/Bacc UdeS/S4APP4/git/S4App4/mips32_unicycle_reference/mips32_unicycle_reference.srcs/sources_1/new/MemDonneesWideDual.vhd
Warning: mauvais alignement de l'adresse pour une ecriture large
Time: 2070 ns  Iteration: 9  Process: /mips_unicycle_tb/dut/inst_Datapath/inst_MemDonneesWide/line__64  File: C:/Users/mathg/OneDrive/Bureau/Tout/Bacc UdeS/S4APP4/git/S4App4/mips32_unicycle_reference/mips32_unicycle_reference.srcs/sources_1/new/MemDonneesWideDual.vhd
Warning: mauvais alignement de l'adresse pour une ecriture large
Time: 2080 ns  Iteration: 8  Process: /mips_unicycle_tb/dut/inst_Datapath/inst_MemDonneesWide/line__64  File: C:/Users/mathg/OneDrive/Bureau/Tout/Bacc UdeS/S4APP4/git/S4App4/mips32_unicycle_reference/mips32_unicycle_reference.srcs/sources_1/new/MemDonneesWideDual.vhd
Warning: mauvais alignement de l'adresse pour une ecriture large
Time: 2120 ns  Iteration: 8  Process: /mips_unicycle_tb/dut/inst_Datapath/inst_MemDonneesWide/line__64  File: C:/Users/mathg/OneDrive/Bureau/Tout/Bacc UdeS/S4APP4/git/S4App4/mips32_unicycle_reference/mips32_unicycle_reference.srcs/sources_1/new/MemDonneesWideDual.vhd
Warning: mauvais alignement de l'adresse pour une ecriture large
Time: 2120 ns  Iteration: 9  Process: /mips_unicycle_tb/dut/inst_Datapath/inst_MemDonneesWide/line__64  File: C:/Users/mathg/OneDrive/Bureau/Tout/Bacc UdeS/S4APP4/git/S4App4/mips32_unicycle_reference/mips32_unicycle_reference.srcs/sources_1/new/MemDonneesWideDual.vhd
Warning: mauvais alignement de l'adresse pour une ecriture large
Time: 2120 ns  Iteration: 10  Process: /mips_unicycle_tb/dut/inst_Datapath/inst_MemDonneesWide/line__64  File: C:/Users/mathg/OneDrive/Bureau/Tout/Bacc UdeS/S4APP4/git/S4App4/mips32_unicycle_reference/mips32_unicycle_reference.srcs/sources_1/new/MemDonneesWideDual.vhd
Warning: mauvais alignement de l'adresse pour une ecriture large
Time: 2130 ns  Iteration: 5  Process: /mips_unicycle_tb/dut/inst_Datapath/inst_MemDonneesWide/line__64  File: C:/Users/mathg/OneDrive/Bureau/Tout/Bacc UdeS/S4APP4/git/S4App4/mips32_unicycle_reference/mips32_unicycle_reference.srcs/sources_1/new/MemDonneesWideDual.vhd
Warning: mauvais alignement de l'adresse pour une ecriture large
Time: 2130 ns  Iteration: 8  Process: /mips_unicycle_tb/dut/inst_Datapath/inst_MemDonneesWide/line__64  File: C:/Users/mathg/OneDrive/Bureau/Tout/Bacc UdeS/S4APP4/git/S4App4/mips32_unicycle_reference/mips32_unicycle_reference.srcs/sources_1/new/MemDonneesWideDual.vhd
Warning: mauvais alignement de l'adresse pour une ecriture large
Time: 2140 ns  Iteration: 8  Process: /mips_unicycle_tb/dut/inst_Datapath/inst_MemDonneesWide/line__64  File: C:/Users/mathg/OneDrive/Bureau/Tout/Bacc UdeS/S4APP4/git/S4App4/mips32_unicycle_reference/mips32_unicycle_reference.srcs/sources_1/new/MemDonneesWideDual.vhd
Warning: mauvais alignement de l'adresse pour une ecriture large
Time: 2140 ns  Iteration: 9  Process: /mips_unicycle_tb/dut/inst_Datapath/inst_MemDonneesWide/line__64  File: C:/Users/mathg/OneDrive/Bureau/Tout/Bacc UdeS/S4APP4/git/S4App4/mips32_unicycle_reference/mips32_unicycle_reference.srcs/sources_1/new/MemDonneesWideDual.vhd
Warning: mauvais alignement de l'adresse pour une ecriture large
Time: 2150 ns  Iteration: 8  Process: /mips_unicycle_tb/dut/inst_Datapath/inst_MemDonneesWide/line__64  File: C:/Users/mathg/OneDrive/Bureau/Tout/Bacc UdeS/S4APP4/git/S4App4/mips32_unicycle_reference/mips32_unicycle_reference.srcs/sources_1/new/MemDonneesWideDual.vhd
Warning: mauvais alignement de l'adresse pour une ecriture large
Time: 2190 ns  Iteration: 8  Process: /mips_unicycle_tb/dut/inst_Datapath/inst_MemDonneesWide/line__64  File: C:/Users/mathg/OneDrive/Bureau/Tout/Bacc UdeS/S4APP4/git/S4App4/mips32_unicycle_reference/mips32_unicycle_reference.srcs/sources_1/new/MemDonneesWideDual.vhd
Warning: mauvais alignement de l'adresse pour une ecriture large
Time: 2190 ns  Iteration: 9  Process: /mips_unicycle_tb/dut/inst_Datapath/inst_MemDonneesWide/line__64  File: C:/Users/mathg/OneDrive/Bureau/Tout/Bacc UdeS/S4APP4/git/S4App4/mips32_unicycle_reference/mips32_unicycle_reference.srcs/sources_1/new/MemDonneesWideDual.vhd
Warning: mauvais alignement de l'adresse pour une ecriture large
Time: 2190 ns  Iteration: 10  Process: /mips_unicycle_tb/dut/inst_Datapath/inst_MemDonneesWide/line__64  File: C:/Users/mathg/OneDrive/Bureau/Tout/Bacc UdeS/S4APP4/git/S4App4/mips32_unicycle_reference/mips32_unicycle_reference.srcs/sources_1/new/MemDonneesWideDual.vhd
Warning: mauvais alignement de l'adresse pour une ecriture large
Time: 2200 ns  Iteration: 5  Process: /mips_unicycle_tb/dut/inst_Datapath/inst_MemDonneesWide/line__64  File: C:/Users/mathg/OneDrive/Bureau/Tout/Bacc UdeS/S4APP4/git/S4App4/mips32_unicycle_reference/mips32_unicycle_reference.srcs/sources_1/new/MemDonneesWideDual.vhd
Warning: mauvais alignement de l'adresse pour une ecriture large
Time: 2200 ns  Iteration: 8  Process: /mips_unicycle_tb/dut/inst_Datapath/inst_MemDonneesWide/line__64  File: C:/Users/mathg/OneDrive/Bureau/Tout/Bacc UdeS/S4APP4/git/S4App4/mips32_unicycle_reference/mips32_unicycle_reference.srcs/sources_1/new/MemDonneesWideDual.vhd
Warning: mauvais alignement de l'adresse pour une ecriture large
Time: 2210 ns  Iteration: 8  Process: /mips_unicycle_tb/dut/inst_Datapath/inst_MemDonneesWide/line__64  File: C:/Users/mathg/OneDrive/Bureau/Tout/Bacc UdeS/S4APP4/git/S4App4/mips32_unicycle_reference/mips32_unicycle_reference.srcs/sources_1/new/MemDonneesWideDual.vhd
Warning: mauvais alignement de l'adresse pour une ecriture large
Time: 2210 ns  Iteration: 9  Process: /mips_unicycle_tb/dut/inst_Datapath/inst_MemDonneesWide/line__64  File: C:/Users/mathg/OneDrive/Bureau/Tout/Bacc UdeS/S4APP4/git/S4App4/mips32_unicycle_reference/mips32_unicycle_reference.srcs/sources_1/new/MemDonneesWideDual.vhd
Warning: mauvais alignement de l'adresse pour une ecriture large
Time: 2220 ns  Iteration: 8  Process: /mips_unicycle_tb/dut/inst_Datapath/inst_MemDonneesWide/line__64  File: C:/Users/mathg/OneDrive/Bureau/Tout/Bacc UdeS/S4APP4/git/S4App4/mips32_unicycle_reference/mips32_unicycle_reference.srcs/sources_1/new/MemDonneesWideDual.vhd
Warning: mauvais alignement de l'adresse pour une ecriture large
Time: 2260 ns  Iteration: 8  Process: /mips_unicycle_tb/dut/inst_Datapath/inst_MemDonneesWide/line__64  File: C:/Users/mathg/OneDrive/Bureau/Tout/Bacc UdeS/S4APP4/git/S4App4/mips32_unicycle_reference/mips32_unicycle_reference.srcs/sources_1/new/MemDonneesWideDual.vhd
Warning: mauvais alignement de l'adresse pour une ecriture large
Time: 2260 ns  Iteration: 9  Process: /mips_unicycle_tb/dut/inst_Datapath/inst_MemDonneesWide/line__64  File: C:/Users/mathg/OneDrive/Bureau/Tout/Bacc UdeS/S4APP4/git/S4App4/mips32_unicycle_reference/mips32_unicycle_reference.srcs/sources_1/new/MemDonneesWideDual.vhd
Warning: mauvais alignement de l'adresse pour une ecriture large
Time: 2260 ns  Iteration: 10  Process: /mips_unicycle_tb/dut/inst_Datapath/inst_MemDonneesWide/line__64  File: C:/Users/mathg/OneDrive/Bureau/Tout/Bacc UdeS/S4APP4/git/S4App4/mips32_unicycle_reference/mips32_unicycle_reference.srcs/sources_1/new/MemDonneesWideDual.vhd
Warning: mauvais alignement de l'adresse pour une ecriture large
Time: 2270 ns  Iteration: 5  Process: /mips_unicycle_tb/dut/inst_Datapath/inst_MemDonneesWide/line__64  File: C:/Users/mathg/OneDrive/Bureau/Tout/Bacc UdeS/S4APP4/git/S4App4/mips32_unicycle_reference/mips32_unicycle_reference.srcs/sources_1/new/MemDonneesWideDual.vhd
Warning: mauvais alignement de l'adresse pour une ecriture large
Time: 2270 ns  Iteration: 8  Process: /mips_unicycle_tb/dut/inst_Datapath/inst_MemDonneesWide/line__64  File: C:/Users/mathg/OneDrive/Bureau/Tout/Bacc UdeS/S4APP4/git/S4App4/mips32_unicycle_reference/mips32_unicycle_reference.srcs/sources_1/new/MemDonneesWideDual.vhd
Warning: mauvais alignement de l'adresse pour une ecriture large
Time: 2280 ns  Iteration: 8  Process: /mips_unicycle_tb/dut/inst_Datapath/inst_MemDonneesWide/line__64  File: C:/Users/mathg/OneDrive/Bureau/Tout/Bacc UdeS/S4APP4/git/S4App4/mips32_unicycle_reference/mips32_unicycle_reference.srcs/sources_1/new/MemDonneesWideDual.vhd
Warning: mauvais alignement de l'adresse pour une ecriture large
Time: 2280 ns  Iteration: 9  Process: /mips_unicycle_tb/dut/inst_Datapath/inst_MemDonneesWide/line__64  File: C:/Users/mathg/OneDrive/Bureau/Tout/Bacc UdeS/S4APP4/git/S4App4/mips32_unicycle_reference/mips32_unicycle_reference.srcs/sources_1/new/MemDonneesWideDual.vhd
Warning: mauvais alignement de l'adresse pour une ecriture large
Time: 2290 ns  Iteration: 8  Process: /mips_unicycle_tb/dut/inst_Datapath/inst_MemDonneesWide/line__64  File: C:/Users/mathg/OneDrive/Bureau/Tout/Bacc UdeS/S4APP4/git/S4App4/mips32_unicycle_reference/mips32_unicycle_reference.srcs/sources_1/new/MemDonneesWideDual.vhd
Warning: mauvais alignement de l'adresse pour une ecriture large
Time: 2330 ns  Iteration: 8  Process: /mips_unicycle_tb/dut/inst_Datapath/inst_MemDonneesWide/line__64  File: C:/Users/mathg/OneDrive/Bureau/Tout/Bacc UdeS/S4APP4/git/S4App4/mips32_unicycle_reference/mips32_unicycle_reference.srcs/sources_1/new/MemDonneesWideDual.vhd
Warning: mauvais alignement de l'adresse pour une ecriture large
Time: 2330 ns  Iteration: 9  Process: /mips_unicycle_tb/dut/inst_Datapath/inst_MemDonneesWide/line__64  File: C:/Users/mathg/OneDrive/Bureau/Tout/Bacc UdeS/S4APP4/git/S4App4/mips32_unicycle_reference/mips32_unicycle_reference.srcs/sources_1/new/MemDonneesWideDual.vhd
Warning: mauvais alignement de l'adresse pour une ecriture large
Time: 2330 ns  Iteration: 10  Process: /mips_unicycle_tb/dut/inst_Datapath/inst_MemDonneesWide/line__64  File: C:/Users/mathg/OneDrive/Bureau/Tout/Bacc UdeS/S4APP4/git/S4App4/mips32_unicycle_reference/mips32_unicycle_reference.srcs/sources_1/new/MemDonneesWideDual.vhd
Warning: mauvais alignement de l'adresse pour une ecriture large
Time: 2340 ns  Iteration: 5  Process: /mips_unicycle_tb/dut/inst_Datapath/inst_MemDonneesWide/line__64  File: C:/Users/mathg/OneDrive/Bureau/Tout/Bacc UdeS/S4APP4/git/S4App4/mips32_unicycle_reference/mips32_unicycle_reference.srcs/sources_1/new/MemDonneesWideDual.vhd
Warning: mauvais alignement de l'adresse pour une ecriture large
Time: 2340 ns  Iteration: 8  Process: /mips_unicycle_tb/dut/inst_Datapath/inst_MemDonneesWide/line__64  File: C:/Users/mathg/OneDrive/Bureau/Tout/Bacc UdeS/S4APP4/git/S4App4/mips32_unicycle_reference/mips32_unicycle_reference.srcs/sources_1/new/MemDonneesWideDual.vhd
Warning: mauvais alignement de l'adresse pour une ecriture large
Time: 2350 ns  Iteration: 8  Process: /mips_unicycle_tb/dut/inst_Datapath/inst_MemDonneesWide/line__64  File: C:/Users/mathg/OneDrive/Bureau/Tout/Bacc UdeS/S4APP4/git/S4App4/mips32_unicycle_reference/mips32_unicycle_reference.srcs/sources_1/new/MemDonneesWideDual.vhd
Warning: mauvais alignement de l'adresse pour une ecriture large
Time: 2350 ns  Iteration: 9  Process: /mips_unicycle_tb/dut/inst_Datapath/inst_MemDonneesWide/line__64  File: C:/Users/mathg/OneDrive/Bureau/Tout/Bacc UdeS/S4APP4/git/S4App4/mips32_unicycle_reference/mips32_unicycle_reference.srcs/sources_1/new/MemDonneesWideDual.vhd
Warning: mauvais alignement de l'adresse pour une ecriture large
Time: 2360 ns  Iteration: 8  Process: /mips_unicycle_tb/dut/inst_Datapath/inst_MemDonneesWide/line__64  File: C:/Users/mathg/OneDrive/Bureau/Tout/Bacc UdeS/S4APP4/git/S4App4/mips32_unicycle_reference/mips32_unicycle_reference.srcs/sources_1/new/MemDonneesWideDual.vhd
Warning: mauvais alignement de l'adresse pour une ecriture large
Time: 2400 ns  Iteration: 8  Process: /mips_unicycle_tb/dut/inst_Datapath/inst_MemDonneesWide/line__64  File: C:/Users/mathg/OneDrive/Bureau/Tout/Bacc UdeS/S4APP4/git/S4App4/mips32_unicycle_reference/mips32_unicycle_reference.srcs/sources_1/new/MemDonneesWideDual.vhd
Warning: mauvais alignement de l'adresse pour une ecriture large
Time: 2400 ns  Iteration: 9  Process: /mips_unicycle_tb/dut/inst_Datapath/inst_MemDonneesWide/line__64  File: C:/Users/mathg/OneDrive/Bureau/Tout/Bacc UdeS/S4APP4/git/S4App4/mips32_unicycle_reference/mips32_unicycle_reference.srcs/sources_1/new/MemDonneesWideDual.vhd
Warning: mauvais alignement de l'adresse pour une ecriture large
Time: 2400 ns  Iteration: 10  Process: /mips_unicycle_tb/dut/inst_Datapath/inst_MemDonneesWide/line__64  File: C:/Users/mathg/OneDrive/Bureau/Tout/Bacc UdeS/S4APP4/git/S4App4/mips32_unicycle_reference/mips32_unicycle_reference.srcs/sources_1/new/MemDonneesWideDual.vhd
Warning: mauvais alignement de l'adresse pour une ecriture large
Time: 2410 ns  Iteration: 5  Process: /mips_unicycle_tb/dut/inst_Datapath/inst_MemDonneesWide/line__64  File: C:/Users/mathg/OneDrive/Bureau/Tout/Bacc UdeS/S4APP4/git/S4App4/mips32_unicycle_reference/mips32_unicycle_reference.srcs/sources_1/new/MemDonneesWideDual.vhd
Warning: mauvais alignement de l'adresse pour une ecriture large
Time: 2410 ns  Iteration: 8  Process: /mips_unicycle_tb/dut/inst_Datapath/inst_MemDonneesWide/line__64  File: C:/Users/mathg/OneDrive/Bureau/Tout/Bacc UdeS/S4APP4/git/S4App4/mips32_unicycle_reference/mips32_unicycle_reference.srcs/sources_1/new/MemDonneesWideDual.vhd
Warning: mauvais alignement de l'adresse pour une ecriture large
Time: 2420 ns  Iteration: 8  Process: /mips_unicycle_tb/dut/inst_Datapath/inst_MemDonneesWide/line__64  File: C:/Users/mathg/OneDrive/Bureau/Tout/Bacc UdeS/S4APP4/git/S4App4/mips32_unicycle_reference/mips32_unicycle_reference.srcs/sources_1/new/MemDonneesWideDual.vhd
Warning: mauvais alignement de l'adresse pour une ecriture large
Time: 2420 ns  Iteration: 9  Process: /mips_unicycle_tb/dut/inst_Datapath/inst_MemDonneesWide/line__64  File: C:/Users/mathg/OneDrive/Bureau/Tout/Bacc UdeS/S4APP4/git/S4App4/mips32_unicycle_reference/mips32_unicycle_reference.srcs/sources_1/new/MemDonneesWideDual.vhd
Warning: mauvais alignement de l'adresse pour une ecriture large
Time: 2430 ns  Iteration: 8  Process: /mips_unicycle_tb/dut/inst_Datapath/inst_MemDonneesWide/line__64  File: C:/Users/mathg/OneDrive/Bureau/Tout/Bacc UdeS/S4APP4/git/S4App4/mips32_unicycle_reference/mips32_unicycle_reference.srcs/sources_1/new/MemDonneesWideDual.vhd
Warning: mauvais alignement de l'adresse pour une ecriture large
Time: 2470 ns  Iteration: 8  Process: /mips_unicycle_tb/dut/inst_Datapath/inst_MemDonneesWide/line__64  File: C:/Users/mathg/OneDrive/Bureau/Tout/Bacc UdeS/S4APP4/git/S4App4/mips32_unicycle_reference/mips32_unicycle_reference.srcs/sources_1/new/MemDonneesWideDual.vhd
Warning: mauvais alignement de l'adresse pour une ecriture large
Time: 2470 ns  Iteration: 9  Process: /mips_unicycle_tb/dut/inst_Datapath/inst_MemDonneesWide/line__64  File: C:/Users/mathg/OneDrive/Bureau/Tout/Bacc UdeS/S4APP4/git/S4App4/mips32_unicycle_reference/mips32_unicycle_reference.srcs/sources_1/new/MemDonneesWideDual.vhd
Warning: mauvais alignement de l'adresse pour une ecriture large
Time: 2470 ns  Iteration: 10  Process: /mips_unicycle_tb/dut/inst_Datapath/inst_MemDonneesWide/line__64  File: C:/Users/mathg/OneDrive/Bureau/Tout/Bacc UdeS/S4APP4/git/S4App4/mips32_unicycle_reference/mips32_unicycle_reference.srcs/sources_1/new/MemDonneesWideDual.vhd
Warning: mauvais alignement de l'adresse pour une ecriture large
Time: 2480 ns  Iteration: 5  Process: /mips_unicycle_tb/dut/inst_Datapath/inst_MemDonneesWide/line__64  File: C:/Users/mathg/OneDrive/Bureau/Tout/Bacc UdeS/S4APP4/git/S4App4/mips32_unicycle_reference/mips32_unicycle_reference.srcs/sources_1/new/MemDonneesWideDual.vhd
Warning: mauvais alignement de l'adresse pour une ecriture large
Time: 2490 ns  Iteration: 8  Process: /mips_unicycle_tb/dut/inst_Datapath/inst_MemDonneesWide/line__64  File: C:/Users/mathg/OneDrive/Bureau/Tout/Bacc UdeS/S4APP4/git/S4App4/mips32_unicycle_reference/mips32_unicycle_reference.srcs/sources_1/new/MemDonneesWideDual.vhd
Warning: mauvais alignement de l'adresse pour une ecriture large
Time: 2490 ns  Iteration: 9  Process: /mips_unicycle_tb/dut/inst_Datapath/inst_MemDonneesWide/line__64  File: C:/Users/mathg/OneDrive/Bureau/Tout/Bacc UdeS/S4APP4/git/S4App4/mips32_unicycle_reference/mips32_unicycle_reference.srcs/sources_1/new/MemDonneesWideDual.vhd
Warning: mauvais alignement de l'adresse pour une ecriture large
Time: 2500 ns  Iteration: 8  Process: /mips_unicycle_tb/dut/inst_Datapath/inst_MemDonneesWide/line__64  File: C:/Users/mathg/OneDrive/Bureau/Tout/Bacc UdeS/S4APP4/git/S4App4/mips32_unicycle_reference/mips32_unicycle_reference.srcs/sources_1/new/MemDonneesWideDual.vhd
Warning: mauvais alignement de l'adresse pour une ecriture large
Time: 2540 ns  Iteration: 8  Process: /mips_unicycle_tb/dut/inst_Datapath/inst_MemDonneesWide/line__64  File: C:/Users/mathg/OneDrive/Bureau/Tout/Bacc UdeS/S4APP4/git/S4App4/mips32_unicycle_reference/mips32_unicycle_reference.srcs/sources_1/new/MemDonneesWideDual.vhd
Warning: mauvais alignement de l'adresse pour une ecriture large
Time: 2540 ns  Iteration: 9  Process: /mips_unicycle_tb/dut/inst_Datapath/inst_MemDonneesWide/line__64  File: C:/Users/mathg/OneDrive/Bureau/Tout/Bacc UdeS/S4APP4/git/S4App4/mips32_unicycle_reference/mips32_unicycle_reference.srcs/sources_1/new/MemDonneesWideDual.vhd
Warning: mauvais alignement de l'adresse pour une ecriture large
Time: 2540 ns  Iteration: 10  Process: /mips_unicycle_tb/dut/inst_Datapath/inst_MemDonneesWide/line__64  File: C:/Users/mathg/OneDrive/Bureau/Tout/Bacc UdeS/S4APP4/git/S4App4/mips32_unicycle_reference/mips32_unicycle_reference.srcs/sources_1/new/MemDonneesWideDual.vhd
Warning: mauvais alignement de l'adresse pour une ecriture large
Time: 2550 ns  Iteration: 5  Process: /mips_unicycle_tb/dut/inst_Datapath/inst_MemDonneesWide/line__64  File: C:/Users/mathg/OneDrive/Bureau/Tout/Bacc UdeS/S4APP4/git/S4App4/mips32_unicycle_reference/mips32_unicycle_reference.srcs/sources_1/new/MemDonneesWideDual.vhd
Warning: mauvais alignement de l'adresse pour une ecriture large
Time: 2550 ns  Iteration: 8  Process: /mips_unicycle_tb/dut/inst_Datapath/inst_MemDonneesWide/line__64  File: C:/Users/mathg/OneDrive/Bureau/Tout/Bacc UdeS/S4APP4/git/S4App4/mips32_unicycle_reference/mips32_unicycle_reference.srcs/sources_1/new/MemDonneesWideDual.vhd
Warning: mauvais alignement de l'adresse pour une ecriture large
Time: 2560 ns  Iteration: 8  Process: /mips_unicycle_tb/dut/inst_Datapath/inst_MemDonneesWide/line__64  File: C:/Users/mathg/OneDrive/Bureau/Tout/Bacc UdeS/S4APP4/git/S4App4/mips32_unicycle_reference/mips32_unicycle_reference.srcs/sources_1/new/MemDonneesWideDual.vhd
Warning: mauvais alignement de l'adresse pour une ecriture large
Time: 2560 ns  Iteration: 9  Process: /mips_unicycle_tb/dut/inst_Datapath/inst_MemDonneesWide/line__64  File: C:/Users/mathg/OneDrive/Bureau/Tout/Bacc UdeS/S4APP4/git/S4App4/mips32_unicycle_reference/mips32_unicycle_reference.srcs/sources_1/new/MemDonneesWideDual.vhd
Warning: mauvais alignement de l'adresse pour une ecriture large
Time: 2600 ns  Iteration: 8  Process: /mips_unicycle_tb/dut/inst_Datapath/inst_MemDonneesWide/line__64  File: C:/Users/mathg/OneDrive/Bureau/Tout/Bacc UdeS/S4APP4/git/S4App4/mips32_unicycle_reference/mips32_unicycle_reference.srcs/sources_1/new/MemDonneesWideDual.vhd
Warning: mauvais alignement de l'adresse pour une ecriture large
Time: 2600 ns  Iteration: 9  Process: /mips_unicycle_tb/dut/inst_Datapath/inst_MemDonneesWide/line__64  File: C:/Users/mathg/OneDrive/Bureau/Tout/Bacc UdeS/S4APP4/git/S4App4/mips32_unicycle_reference/mips32_unicycle_reference.srcs/sources_1/new/MemDonneesWideDual.vhd
Warning: mauvais alignement de l'adresse pour une ecriture large
Time: 2610 ns  Iteration: 5  Process: /mips_unicycle_tb/dut/inst_Datapath/inst_MemDonneesWide/line__64  File: C:/Users/mathg/OneDrive/Bureau/Tout/Bacc UdeS/S4APP4/git/S4App4/mips32_unicycle_reference/mips32_unicycle_reference.srcs/sources_1/new/MemDonneesWideDual.vhd
Warning: mauvais alignement de l'adresse pour une ecriture large
Time: 2610 ns  Iteration: 8  Process: /mips_unicycle_tb/dut/inst_Datapath/inst_MemDonneesWide/line__64  File: C:/Users/mathg/OneDrive/Bureau/Tout/Bacc UdeS/S4APP4/git/S4App4/mips32_unicycle_reference/mips32_unicycle_reference.srcs/sources_1/new/MemDonneesWideDual.vhd
Warning: mauvais alignement de l'adresse pour une ecriture large
Time: 2610 ns  Iteration: 9  Process: /mips_unicycle_tb/dut/inst_Datapath/inst_MemDonneesWide/line__64  File: C:/Users/mathg/OneDrive/Bureau/Tout/Bacc UdeS/S4APP4/git/S4App4/mips32_unicycle_reference/mips32_unicycle_reference.srcs/sources_1/new/MemDonneesWideDual.vhd
Warning: mauvais alignement de l'adresse pour une ecriture large
Time: 2620 ns  Iteration: 8  Process: /mips_unicycle_tb/dut/inst_Datapath/inst_MemDonneesWide/line__64  File: C:/Users/mathg/OneDrive/Bureau/Tout/Bacc UdeS/S4APP4/git/S4App4/mips32_unicycle_reference/mips32_unicycle_reference.srcs/sources_1/new/MemDonneesWideDual.vhd
Warning: mauvais alignement de l'adresse pour une ecriture large
Time: 2620 ns  Iteration: 9  Process: /mips_unicycle_tb/dut/inst_Datapath/inst_MemDonneesWide/line__64  File: C:/Users/mathg/OneDrive/Bureau/Tout/Bacc UdeS/S4APP4/git/S4App4/mips32_unicycle_reference/mips32_unicycle_reference.srcs/sources_1/new/MemDonneesWideDual.vhd
Warning: mauvais alignement de l'adresse pour une ecriture large
Time: 2630 ns  Iteration: 5  Process: /mips_unicycle_tb/dut/inst_Datapath/inst_MemDonneesWide/line__64  File: C:/Users/mathg/OneDrive/Bureau/Tout/Bacc UdeS/S4APP4/git/S4App4/mips32_unicycle_reference/mips32_unicycle_reference.srcs/sources_1/new/MemDonneesWideDual.vhd
Warning: mauvais alignement de l'adresse pour une ecriture large
Time: 2630 ns  Iteration: 9  Process: /mips_unicycle_tb/dut/inst_Datapath/inst_MemDonneesWide/line__64  File: C:/Users/mathg/OneDrive/Bureau/Tout/Bacc UdeS/S4APP4/git/S4App4/mips32_unicycle_reference/mips32_unicycle_reference.srcs/sources_1/new/MemDonneesWideDual.vhd
Warning: mauvais alignement de l'adresse pour une ecriture large
Time: 2640 ns  Iteration: 8  Process: /mips_unicycle_tb/dut/inst_Datapath/inst_MemDonneesWide/line__64  File: C:/Users/mathg/OneDrive/Bureau/Tout/Bacc UdeS/S4APP4/git/S4App4/mips32_unicycle_reference/mips32_unicycle_reference.srcs/sources_1/new/MemDonneesWideDual.vhd
Warning: mauvais alignement de l'adresse pour une ecriture large
Time: 2640 ns  Iteration: 9  Process: /mips_unicycle_tb/dut/inst_Datapath/inst_MemDonneesWide/line__64  File: C:/Users/mathg/OneDrive/Bureau/Tout/Bacc UdeS/S4APP4/git/S4App4/mips32_unicycle_reference/mips32_unicycle_reference.srcs/sources_1/new/MemDonneesWideDual.vhd
Warning: mauvais alignement de l'adresse pour une ecriture large
Time: 2650 ns  Iteration: 8  Process: /mips_unicycle_tb/dut/inst_Datapath/inst_MemDonneesWide/line__64  File: C:/Users/mathg/OneDrive/Bureau/Tout/Bacc UdeS/S4APP4/git/S4App4/mips32_unicycle_reference/mips32_unicycle_reference.srcs/sources_1/new/MemDonneesWideDual.vhd
$stop called at time : 2670 ns : File "C:/Users/mathg/OneDrive/Bureau/Tout/Bacc UdeS/S4APP4/git/S4App4/mips32_unicycle_reference/mips32_unicycle_reference.srcs/sim_1/imports/verif/monitor_unicycle.vhd" Line 63
